2021-20-01 11:47:29   INFO [webTest.googleTest.SearchRandomThings] : Chrome will be started
2021-20-01 11:47:31   INFO [webTest.googleTest.SearchRandomThings] : Chrome is started
2021-20-01 11:47:32   INFO [pages.WorkPage] : Google Page was opened
2021-20-01 11:47:32   INFO [libs.ActionsWithWebElements] : some text was inputted into element
2021-20-01 14:46:33   INFO [webTest.googleTest.SearchRandomThings] : Chrome will be started
2021-20-01 14:46:36   INFO [webTest.googleTest.SearchRandomThings] : Chrome is started
2021-20-01 14:46:37   INFO [pages.WorkPage] : Google Page was opened
2021-20-01 14:46:37   INFO [libs.ActionsWithWebElements] : some text was inputted into element
2021-20-01 14:46:49   INFO [webTest.googleTest.SearchRandomThings] : Chrome closed
2021-20-01 15:11:38   INFO [webTest.googleTest.SearchRandomThings] : Chrome will be started
2021-20-01 15:11:40   INFO [webTest.googleTest.SearchRandomThings] : Chrome is started
2021-20-01 15:11:41   INFO [pages.WorkPage] : Google Page was opened
2021-20-01 15:11:41   INFO [libs.ActionsWithWebElements] : some text was inputted into element
2021-20-01 15:11:52   INFO [webTest.googleTest.SearchRandomThings] : Chrome closed
2021-20-01 15:18:00   INFO [webTest.googleTest.SearchRandomThings] : Chrome will be started
2021-20-01 15:18:02   INFO [webTest.googleTest.SearchRandomThings] : Chrome is started
2021-20-01 15:18:03   INFO [pages.WorkPage] : Google Page was opened
2021-20-01 15:18:03   INFO [libs.ActionsWithWebElements] : some text was inputted into element
2021-20-01 15:18:14   INFO [webTest.googleTest.SearchRandomThings] : Chrome closed
2021-21-01 14:05:14   INFO [webTest.googleTest.SearchRandomThings] : Chrome will be started
2021-21-01 14:05:17   INFO [webTest.googleTest.SearchRandomThings] : Chrome is started
2021-21-01 14:05:17   INFO [pages.WorkPage] : Google Page was opened
2021-21-01 14:05:18   INFO [libs.ActionsWithWebElements] : some text was inputted into element
2021-21-01 14:05:30   INFO [webTest.googleTest.SearchRandomThings] : Chrome closed
2021-22-01 11:08:02   INFO [webTest.googleTest.SearchRandomThings] : Chrome will be started
2021-22-01 11:08:04   INFO [webTest.googleTest.SearchRandomThings] : Chrome is started
2021-22-01 11:08:05   INFO [pages.WorkPage] : Google Page was opened
2021-22-01 11:08:05   INFO [libs.ActionsWithWebElements] : some text was inputted into element
2021-22-01 11:08:17   INFO [webTest.googleTest.SearchRandomThings] : Chrome closed
2021-22-01 11:21:52   INFO [webTest.googleTest.SearchRandomThings] : Chrome will be started
2021-22-01 11:21:54   INFO [webTest.googleTest.SearchRandomThings] : Chrome is started
2021-22-01 11:22:15   INFO [webTest.googleTest.SearchRandomThings] : Chrome closed
2021-22-01 11:26:45   INFO [webTest.googleTest.SearchRandomThings] : Chrome will be started
2021-22-01 11:26:47   INFO [webTest.googleTest.SearchRandomThings] : Chrome is started
2021-22-01 11:26:47   INFO [pages.WorkPage] : Google Page was opened
2021-22-01 11:26:48   INFO [libs.ActionsWithWebElements] : some text was inputted into element
2021-22-01 11:27:00   INFO [webTest.googleTest.SearchRandomThings] : Chrome closed
2021-22-01 13:20:09   INFO [webTest.googleTest.SearchRandomThings] : Chrome will be started
2021-22-01 13:20:11   INFO [webTest.googleTest.SearchRandomThings] : Chrome is started
2021-22-01 13:20:12   INFO [libs.ActionsWithWebElements] : some text was inputted into element
2021-22-01 13:20:24   INFO [webTest.googleTest.SearchRandomThings] : Chrome closed
2021-22-01 15:20:33   INFO [webTest.googleTest.SearchRandomThings] : Chrome will be started
2021-22-01 15:20:36   INFO [webTest.googleTest.SearchRandomThings] : Chrome is started
2021-22-01 15:20:37   INFO [libs.ActionsWithWebElements] : some text was inputted into element
2021-22-01 15:20:38   INFO [pages.WorkPage] : Invalid action
2021-22-01 15:20:48   INFO [webTest.googleTest.SearchRandomThings] : Chrome closed
2021-22-01 17:30:45   INFO [webTest.googleTest.SearchRandomThings] : Chrome will be started
2021-22-01 17:30:47   INFO [webTest.googleTest.SearchRandomThings] : Chrome is started
2021-22-01 17:30:48   INFO [webTest.googleTest.SearchRandomThings] : Chrome closed
2021-22-01 17:32:11   INFO [webTest.googleTest.SearchRandomThings] : Chrome will be started
2021-22-01 17:32:13   INFO [webTest.googleTest.SearchRandomThings] : Chrome is started
2021-22-01 17:32:14   INFO [libs.ActionsWithWebElements] : some text was inputted into element
2021-22-01 17:32:16   INFO [pages.WorkPage] : Invalid action
2021-22-01 17:32:26   INFO [webTest.googleTest.SearchRandomThings] : Chrome closed
2021-22-01 17:35:08   INFO [webTest.googleTest.SearchRandomThings] : Chrome will be started
2021-22-01 17:35:10   INFO [webTest.googleTest.SearchRandomThings] : Chrome is started
2021-22-01 17:35:12   INFO [libs.ActionsWithWebElements] : some text was inputted into element
2021-22-01 17:35:13   INFO [pages.WorkPage] : Invalid action
2021-22-01 17:35:23   INFO [webTest.googleTest.SearchRandomThings] : Chrome closed
2021-22-01 17:38:36   INFO [webTest.googleTest.SearchRandomThings] : Chrome will be started
2021-22-01 17:38:38   INFO [webTest.googleTest.SearchRandomThings] : Chrome is started
2021-22-01 17:38:39   INFO [libs.ActionsWithWebElements] : some text was inputted into element
2021-22-01 17:38:40   INFO [pages.WorkPage] : Invalid action
2021-22-01 17:38:51   INFO [webTest.googleTest.SearchRandomThings] : Chrome closed
2021-22-01 17:40:04   INFO [webTest.googleTest.SearchRandomThings] : Chrome will be started
2021-22-01 17:40:06   INFO [webTest.googleTest.SearchRandomThings] : Chrome is started
2021-22-01 17:40:08   INFO [libs.ActionsWithWebElements] : some text was inputted into element
2021-22-01 17:40:09   INFO [libs.ActionsWithWebElements] : Enter was click
2021-22-01 17:40:09   INFO [pages.WorkPage] : Invalid action
2021-22-01 17:40:19   INFO [webTest.googleTest.SearchRandomThings] : Chrome closed
2021-22-01 17:51:49   INFO [webTest.googleTest.SearchRandomThings] : Chrome will be started
2021-22-01 17:51:51   INFO [webTest.googleTest.SearchRandomThings] : Chrome is started
2021-22-01 17:51:52   INFO [libs.ActionsWithWebElements] : some text was inputted into element
2021-22-01 17:51:53   INFO [libs.ActionsWithWebElements] : Enter was click
2021-22-01 17:51:53   INFO [pages.WorkPage] : Invalid action
2021-22-01 17:51:53   INFO [pages.WorkPage] : Invalid action
2021-22-01 17:52:04   INFO [webTest.googleTest.SearchRandomThings] : Chrome closed
2021-22-01 17:52:14   INFO [webTest.googleTest.SearchRandomThings] : Chrome will be started
2021-22-01 17:52:16   INFO [webTest.googleTest.SearchRandomThings] : Chrome is started
2021-22-01 17:52:17   INFO [pages.WorkPage] : Invalid action
2021-22-01 17:52:28   INFO [webTest.googleTest.SearchRandomThings] : Chrome closed
2021-22-01 17:54:13   INFO [webTest.googleTest.SearchRandomThings] : Chrome will be started
2021-22-01 17:54:15   INFO [webTest.googleTest.SearchRandomThings] : Chrome is started
2021-22-01 17:54:17   INFO [libs.ActionsWithWebElements] : some text was inputted into element
2021-22-01 17:54:18   INFO [libs.ActionsWithWebElements] : Enter was click
2021-22-01 17:54:18   INFO [pages.WorkPage] : Invalid action
2021-22-01 17:54:18   INFO [pages.WorkPage] : Invalid work action
2021-22-01 17:54:28   INFO [webTest.googleTest.SearchRandomThings] : Chrome closed
2021-22-01 17:58:12   INFO [webTest.googleTest.SearchRandomThings] : Chrome will be started
2021-22-01 17:58:14   INFO [webTest.googleTest.SearchRandomThings] : Chrome is started
2021-22-01 17:58:26   INFO [webTest.googleTest.SearchRandomThings] : Chrome closed
2021-25-01 15:50:29   INFO [webTest.googleTest.SearchRandomThings] : Chrome will be started
2021-25-01 15:50:33   INFO [webTest.googleTest.SearchRandomThings] : Chrome is started
2021-25-01 15:50:44   INFO [webTest.googleTest.SearchRandomThings] : Chrome closed
2021-25-01 17:07:16   INFO [webTest.googleTest.SearchRandomThings] : Chrome will be started
2021-25-01 17:07:18   INFO [webTest.googleTest.SearchRandomThings] : Chrome is started
2021-25-01 17:07:19   INFO [webTest.googleTest.SearchRandomThings] : Chrome closed
2021-25-01 17:21:59   INFO [webTest.googleTest.SearchRandomThings] : Chrome will be started
2021-25-01 17:22:01   INFO [webTest.googleTest.SearchRandomThings] : Chrome is started
2021-25-01 17:22:12   INFO [webTest.googleTest.SearchRandomThings] : Chrome closed
2021-25-01 17:24:15   INFO [webTest.googleTest.SearchRandomThings] : Chrome will be started
2021-25-01 17:24:17   INFO [webTest.googleTest.SearchRandomThings] : Chrome is started
2021-25-01 17:24:28   INFO [webTest.googleTest.SearchRandomThings] : Chrome closed
2021-25-01 17:39:32   INFO [webTest.googleTest.SearchRandomThings] : Chrome will be started
2021-25-01 17:39:34   INFO [webTest.googleTest.SearchRandomThings] : Chrome is started
2021-25-01 17:39:35   INFO [webTest.googleTest.SearchRandomThings] : Chrome closed
2021-25-01 17:41:24   INFO [webTest.googleTest.SearchRandomThings] : Chrome will be started
2021-25-01 17:41:26   INFO [webTest.googleTest.SearchRandomThings] : Chrome is started
2021-25-01 17:41:27   INFO [webTest.googleTest.SearchRandomThings] : Chrome closed
2021-25-01 17:45:17   INFO [webTest.googleTest.SearchRandomThings] : Chrome will be started
2021-25-01 17:45:19   INFO [webTest.googleTest.SearchRandomThings] : Chrome is started
2021-25-01 17:45:20   INFO [webTest.googleTest.SearchRandomThings] : Chrome closed
2021-25-01 17:46:34   INFO [webTest.googleTest.SearchRandomThings] : Chrome will be started
2021-25-01 17:46:36   INFO [webTest.googleTest.SearchRandomThings] : Chrome is started
2021-25-01 17:46:37   INFO [webTest.googleTest.SearchRandomThings] : Chrome closed
2021-25-01 17:47:08   INFO [webTest.googleTest.SearchRandomThings] : Chrome will be started
2021-25-01 17:47:11   INFO [webTest.googleTest.SearchRandomThings] : Chrome is started
2021-25-01 17:47:21   INFO [webTest.googleTest.SearchRandomThings] : Chrome closed
2021-25-01 17:56:31   INFO [webTest.googleTest.SearchRandomThings] : Chrome will be started
2021-25-01 17:56:34   INFO [webTest.googleTest.SearchRandomThings] : Chrome is started
2021-25-01 17:56:44   INFO [webTest.googleTest.SearchRandomThings] : Chrome closed
2021-26-01 13:03:17   INFO [webTest.googleTest.SearchRandomThings] : Chrome will be started
2021-26-01 13:03:19   INFO [webTest.googleTest.SearchRandomThings] : Chrome is started
2021-26-01 13:03:20   INFO [webTest.googleTest.SearchRandomThings] : Chrome closed
2021-26-01 13:04:00   INFO [webTest.googleTest.SearchRandomThings] : Chrome will be started
2021-26-01 13:04:02   INFO [webTest.googleTest.SearchRandomThings] : Chrome is started
2021-26-01 13:04:03   INFO [webTest.googleTest.SearchRandomThings] : Chrome closed
2021-26-01 13:09:06   INFO [webTest.googleTest.SearchRandomThings] : Chrome will be started
2021-26-01 13:09:08   INFO [webTest.googleTest.SearchRandomThings] : Chrome is started
2021-26-01 13:09:09   INFO [webTest.googleTest.SearchRandomThings] : Chrome closed
2021-26-01 13:18:00   INFO [webTest.googleTest.SearchRandomThings] : Chrome will be started
2021-26-01 13:18:03   INFO [webTest.googleTest.SearchRandomThings] : Chrome is started
2021-26-01 13:18:03   INFO [webTest.googleTest.SearchRandomThings] : Chrome closed
2021-26-01 13:18:37   INFO [webTest.googleTest.SearchRandomThings] : Chrome will be started
2021-26-01 13:18:39   INFO [webTest.googleTest.SearchRandomThings] : Chrome is started
2021-26-01 13:18:40   INFO [webTest.googleTest.SearchRandomThings] : Chrome closed
2021-26-01 13:32:04   INFO [webTest.googleTest.SearchRandomThings] : Chrome will be started
2021-26-01 13:32:06   INFO [webTest.googleTest.SearchRandomThings] : Chrome is started
2021-26-01 13:32:17   INFO [webTest.googleTest.SearchRandomThings] : Chrome closed
2021-26-01 13:45:03   INFO [webTest.googleTest.SearchRandomThings] : Chrome will be started
2021-26-01 13:45:05   INFO [webTest.googleTest.SearchRandomThings] : Chrome is started
2021-26-01 13:45:16   INFO [webTest.googleTest.SearchRandomThings] : Chrome closed
2021-26-01 13:50:08   INFO [webTest.googleTest.SearchRandomThings] : Chrome will be started
2021-26-01 13:50:10   INFO [webTest.googleTest.SearchRandomThings] : Chrome is started
2021-26-01 13:50:21   INFO [webTest.googleTest.SearchRandomThings] : Chrome closed
2021-26-01 13:58:49   INFO [webTest.googleTest.SearchRandomThings] : Chrome will be started
2021-26-01 13:58:51   INFO [webTest.googleTest.SearchRandomThings] : Chrome is started
2021-26-01 13:58:51  ERROR [pages.WorkPage] : Our doesn't opened
2021-26-01 13:59:02   INFO [webTest.googleTest.SearchRandomThings] : Chrome closed
2021-26-01 14:00:16   INFO [webTest.googleTest.SearchRandomThings] : Chrome will be started
2021-26-01 14:00:18   INFO [webTest.googleTest.SearchRandomThings] : Chrome is started
2021-26-01 14:00:18  ERROR [pages.WorkPage] : Our doesn't opened
2021-26-01 14:00:29   INFO [webTest.googleTest.SearchRandomThings] : Chrome closed
2021-26-01 14:01:50   INFO [webTest.googleTest.SearchRandomThings] : Chrome will be started
2021-26-01 14:01:52   INFO [webTest.googleTest.SearchRandomThings] : Chrome is started
2021-26-01 14:01:53   INFO [webTest.googleTest.SearchRandomThings] : Chrome closed
2021-26-01 14:02:50   INFO [webTest.googleTest.SearchRandomThings] : Chrome will be started
2021-26-01 14:02:53   INFO [webTest.googleTest.SearchRandomThings] : Chrome is started
2021-26-01 14:02:53   INFO [webTest.googleTest.SearchRandomThings] : Chrome closed
2021-26-01 14:04:22   INFO [webTest.googleTest.SearchRandomThings] : Chrome will be started
2021-26-01 14:04:24   INFO [webTest.googleTest.SearchRandomThings] : Chrome is started
2021-26-01 14:04:24  ERROR [pages.WorkPage] : Our page not opened
2021-26-01 14:04:35   INFO [webTest.googleTest.SearchRandomThings] : Chrome closed
2021-26-01 14:56:23   INFO [webTest.googleTest.SearchRandomThings] : Chrome will be started
2021-26-01 14:56:26   INFO [webTest.googleTest.SearchRandomThings] : Chrome is started
2021-26-01 14:56:36   INFO [webTest.googleTest.SearchRandomThings] : Chrome closed
2021-26-01 15:11:01   INFO [webTest.googleTest.SearchRandomThings] : Chrome will be started
2021-26-01 15:11:03   INFO [webTest.googleTest.SearchRandomThings] : Chrome is started
2021-26-01 15:11:04   INFO [webTest.googleTest.SearchRandomThings] : Chrome closed
2021-26-01 15:16:20   INFO [webTest.googleTest.SearchRandomThings] : Chrome will be started
2021-26-01 15:16:22   INFO [webTest.googleTest.SearchRandomThings] : Chrome is started
2021-26-01 15:16:33   INFO [webTest.googleTest.SearchRandomThings] : Chrome closed
2021-26-01 15:17:32   INFO [webTest.googleTest.SearchRandomThings] : Chrome will be started
2021-26-01 15:17:34   INFO [webTest.googleTest.SearchRandomThings] : Chrome is started
2021-26-01 15:17:45   INFO [webTest.googleTest.SearchRandomThings] : Chrome closed
2021-26-01 15:33:47   INFO [webTest.googleTest.SearchRandomThings] : Chrome will be started
2021-26-01 15:33:49   INFO [webTest.googleTest.SearchRandomThings] : Chrome is started
2021-26-01 15:33:50   INFO [webTest.googleTest.SearchRandomThings] : Chrome closed
2021-26-01 15:36:31   INFO [webTest.googleTest.SearchRandomThings] : Chrome will be started
2021-26-01 15:36:33   INFO [webTest.googleTest.SearchRandomThings] : Chrome is started
2021-26-01 15:36:45   INFO [webTest.googleTest.SearchRandomThings] : Chrome closed
2021-26-01 15:37:49   INFO [webTest.googleTest.SearchRandomThings] : Chrome will be started
2021-26-01 15:37:51   INFO [webTest.googleTest.SearchRandomThings] : Chrome is started
2021-26-01 15:38:03   INFO [webTest.googleTest.SearchRandomThings] : Chrome closed
2021-26-01 15:45:56   INFO [webTest.googleTest.SearchRandomThings] : Chrome will be started
2021-26-01 15:45:58   INFO [webTest.googleTest.SearchRandomThings] : Chrome is started
2021-26-01 15:45:59   INFO [pages.WorkPage] : Invalid action
2021-26-01 15:46:10   INFO [webTest.googleTest.SearchRandomThings] : Chrome closed
2021-26-01 15:47:23   INFO [webTest.googleTest.SearchRandomThings] : Chrome will be started
2021-26-01 15:47:25   INFO [webTest.googleTest.SearchRandomThings] : Chrome is started
2021-26-01 15:47:26   INFO [pages.WorkPage] : Invalid action
2021-26-01 15:47:37   INFO [webTest.googleTest.SearchRandomThings] : Chrome closed
2021-26-01 15:48:10   INFO [webTest.googleTest.SearchRandomThings] : Chrome will be started
2021-26-01 15:48:13   INFO [webTest.googleTest.SearchRandomThings] : Chrome is started
2021-26-01 15:48:13  ERROR [libs.ActionsWithWebElements] : Cannot work with element java.lang.IllegalArgumentException: Keys to send should be a not null CharSequence
2021-26-01 15:48:24   INFO [webTest.googleTest.SearchRandomThings] : Chrome closed
2021-26-01 15:52:07   INFO [webTest.googleTest.SearchRandomThings] : Chrome will be started
2021-26-01 15:52:09   INFO [webTest.googleTest.SearchRandomThings] : Chrome is started
2021-26-01 15:52:10  ERROR [libs.ActionsWithWebElements] : Cannot work with element java.lang.IllegalArgumentException: Keys to send should be a not null CharSequence
2021-26-01 15:52:20   INFO [webTest.googleTest.SearchRandomThings] : Chrome closed
2021-26-01 15:52:45   INFO [webTest.googleTest.SearchRandomThings] : Chrome will be started
2021-26-01 15:52:47   INFO [webTest.googleTest.SearchRandomThings] : Chrome is started
2021-26-01 15:52:48   INFO [libs.ActionsWithWebElements] : some Test text was inputted into element
2021-26-01 15:52:59   INFO [webTest.googleTest.SearchRandomThings] : Chrome closed
2021-26-01 16:15:59   INFO [webTest.googleTest.SearchRandomThings] : Chrome will be started
2021-26-01 16:16:01   INFO [webTest.googleTest.SearchRandomThings] : Chrome is started
2021-26-01 16:16:01   INFO [pages.WorkPage] : Url is failed
2021-26-01 16:16:01   INFO [pages.WorkPage] : test going on
2021-26-01 16:36:53   INFO [webTest.googleTest.SearchRandomThings] : Chrome will be started
2021-26-01 16:36:55   INFO [webTest.googleTest.SearchRandomThings] : Chrome is started
2021-26-01 16:36:55   INFO [pages.WorkPage] : Url is failed
2021-26-01 16:36:55   INFO [pages.WorkPage] : Test going on
2021-26-01 16:37:16   INFO [webTest.googleTest.SearchRandomThings] : Chrome closed
2021-26-01 16:43:09   INFO [webTest.googleTest.SearchRandomThings] : Chrome will be started
2021-26-01 16:43:11   INFO [webTest.googleTest.SearchRandomThings] : Chrome is started
2021-26-01 16:43:22   INFO [webTest.googleTest.SearchRandomThings] : Chrome closed
2021-26-01 16:50:03   INFO [webTest.googleTest.SearchRandomThings] : Chrome will be started
2021-26-01 16:50:05   INFO [webTest.googleTest.SearchRandomThings] : Chrome is started
2021-26-01 16:50:07   INFO [webTest.googleTest.SearchRandomThings] : Chrome closed
2021-26-01 16:50:46   INFO [webTest.googleTest.SearchRandomThings] : Chrome will be started
2021-26-01 16:50:48   INFO [webTest.googleTest.SearchRandomThings] : Chrome is started
2021-26-01 16:50:59   INFO [webTest.googleTest.SearchRandomThings] : Chrome closed
2021-26-01 16:53:15   INFO [webTest.googleTest.SearchRandomThings] : Chrome will be started
2021-26-01 16:53:17   INFO [webTest.googleTest.SearchRandomThings] : Chrome is started
2021-26-01 16:53:28   INFO [webTest.googleTest.SearchRandomThings] : Chrome closed
2021-26-01 16:53:59   INFO [webTest.googleTest.SearchRandomThings] : Chrome will be started
2021-26-01 16:54:02   INFO [webTest.googleTest.SearchRandomThings] : Chrome is started
2021-26-01 16:54:13   INFO [webTest.googleTest.SearchRandomThings] : Chrome closed
2021-26-01 17:02:13   INFO [webTest.googleTest.SearchRandomThings] : Chrome will be started
2021-26-01 17:02:15   INFO [webTest.googleTest.SearchRandomThings] : Chrome is started
2021-26-01 17:02:26   INFO [webTest.googleTest.SearchRandomThings] : Chrome closed
2021-26-01 17:24:15   INFO [webTest.googleTest.SearchRandomThings] : Chrome will be started
2021-26-01 17:24:17   INFO [webTest.googleTest.SearchRandomThings] : Chrome is started
2021-26-01 17:24:28   INFO [webTest.googleTest.SearchRandomThings] : Chrome closed
2021-26-01 17:30:38   INFO [webTest.googleTest.SearchRandomThings] : Chrome will be started
2021-26-01 17:30:40   INFO [webTest.googleTest.SearchRandomThings] : Chrome is started
2021-26-01 17:31:07   INFO [webTest.googleTest.SearchRandomThings] : Chrome will be started
2021-26-01 17:31:09   INFO [webTest.googleTest.SearchRandomThings] : Chrome is started
2021-26-01 17:44:36   INFO [webTest.googleTest.SearchRandomThings] : Chrome will be started
2021-26-01 17:44:38   INFO [webTest.googleTest.SearchRandomThings] : Chrome is started
2021-26-01 17:44:49   INFO [webTest.googleTest.SearchRandomThings] : Chrome closed
2021-26-01 17:45:02   INFO [webTest.googleTest.SearchRandomThings] : Chrome will be started
2021-26-01 17:45:04   INFO [webTest.googleTest.SearchRandomThings] : Chrome is started
2021-26-01 17:45:15   INFO [webTest.googleTest.SearchRandomThings] : Chrome closed
2021-26-01 17:58:55   INFO [webTest.googleTest.SearchRandomThings] : Chrome will be started
2021-26-01 17:58:57   INFO [webTest.googleTest.SearchRandomThings] : Chrome is started
2021-26-01 17:59:08   INFO [webTest.googleTest.SearchRandomThings] : Chrome closed
2021-26-01 18:09:34   INFO [webTest.googleTest.SearchRandomThings] : Chrome will be started
2021-26-01 18:09:36   INFO [webTest.googleTest.SearchRandomThings] : Chrome is started
2021-26-01 18:12:36   INFO [webTest.googleTest.SearchRandomThings] : Chrome will be started
2021-26-01 18:12:39   INFO [webTest.googleTest.SearchRandomThings] : Chrome is started
2021-26-01 18:12:49   INFO [webTest.googleTest.SearchRandomThings] : Chrome closed
2021-26-01 18:21:49   INFO [webTest.googleTest.SearchRandomThings] : Chrome will be started
2021-26-01 18:21:51   INFO [webTest.googleTest.SearchRandomThings] : Chrome is started
2021-26-01 18:22:02   INFO [webTest.googleTest.SearchRandomThings] : Chrome closed
2021-26-01 18:25:07   INFO [webTest.googleTest.SearchRandomThings] : Chrome will be started
2021-26-01 18:25:09   INFO [webTest.googleTest.SearchRandomThings] : Chrome is started
2021-26-01 18:25:20   INFO [webTest.googleTest.SearchRandomThings] : Chrome closed
2021-27-01 11:35:22   INFO [webTest.googleTest.SearchRandomThings] : Chrome will be started
2021-27-01 11:35:25   INFO [webTest.googleTest.SearchRandomThings] : Chrome is started
2021-27-01 11:36:50   INFO [webTest.googleTest.SearchRandomThings] : Chrome will be started
2021-27-01 11:36:52   INFO [webTest.googleTest.SearchRandomThings] : Chrome is started
2021-27-01 11:37:03   INFO [webTest.googleTest.SearchRandomThings] : Chrome closed
2021-27-01 11:47:02   INFO [webTest.googleTest.SearchRandomThings] : Chrome will be started
2021-27-01 11:47:04   INFO [webTest.googleTest.SearchRandomThings] : Chrome is started
2021-27-01 11:47:16   INFO [webTest.googleTest.SearchRandomThings] : Chrome closed
2021-27-01 11:47:48   INFO [webTest.googleTest.SearchRandomThings] : Chrome will be started
2021-27-01 11:47:50   INFO [webTest.googleTest.SearchRandomThings] : Chrome is started
2021-27-01 11:53:42   INFO [webTest.googleTest.SearchRandomThings] : Chrome will be started
2021-27-01 11:53:44   INFO [webTest.googleTest.SearchRandomThings] : Chrome is started
2021-27-01 11:53:55   INFO [webTest.googleTest.SearchRandomThings] : Chrome closed
2021-27-01 11:54:45   INFO [webTest.googleTest.SearchRandomThings] : Chrome will be started
2021-27-01 11:54:47   INFO [webTest.googleTest.SearchRandomThings] : Chrome is started
2021-27-01 11:54:58   INFO [webTest.googleTest.SearchRandomThings] : Chrome closed
2021-27-01 15:20:43   INFO [webTest.googleTest.SearchRandomThings] : Chrome will be started
2021-27-01 15:20:46   INFO [webTest.googleTest.SearchRandomThings] : Chrome is started
2021-27-01 15:20:57   INFO [webTest.googleTest.SearchRandomThings] : Chrome closed
2021-27-01 15:24:57   INFO [webTest.googleTest.SearchRandomThings] : Chrome will be started
2021-27-01 15:24:59   INFO [webTest.googleTest.SearchRandomThings] : Chrome is started
2021-27-01 15:25:10   INFO [webTest.googleTest.SearchRandomThings] : Chrome closed
2021-27-01 15:38:10   INFO [webTest.googleTest.SearchRandomThings] : Chrome will be started
2021-27-01 15:38:12   INFO [webTest.googleTest.SearchRandomThings] : Chrome is started
2021-27-01 15:38:23   INFO [webTest.googleTest.SearchRandomThings] : Chrome closed
2021-27-01 15:38:43   INFO [webTest.googleTest.SearchRandomThings] : Chrome will be started
2021-27-01 15:38:45   INFO [webTest.googleTest.SearchRandomThings] : Chrome is started
2021-27-01 15:39:05   INFO [webTest.googleTest.SearchRandomThings] : Chrome will be started
2021-27-01 15:39:07   INFO [webTest.googleTest.SearchRandomThings] : Chrome is started
2021-27-01 15:39:18   INFO [webTest.googleTest.SearchRandomThings] : Chrome closed
2021-27-01 15:40:27   INFO [webTest.googleTest.SearchRandomThings] : Chrome will be started
2021-27-01 15:40:29   INFO [webTest.googleTest.SearchRandomThings] : Chrome is started
2021-27-01 15:40:40   INFO [webTest.googleTest.SearchRandomThings] : Chrome closed
2021-27-01 15:42:57   INFO [webTest.googleTest.SearchRandomThings] : Chrome will be started
2021-27-01 15:42:59   INFO [webTest.googleTest.SearchRandomThings] : Chrome is started
2021-27-01 15:43:42   INFO [webTest.googleTest.SearchRandomThings] : Chrome will be started
2021-27-01 15:43:44   INFO [webTest.googleTest.SearchRandomThings] : Chrome is started
2021-27-01 15:43:55   INFO [webTest.googleTest.SearchRandomThings] : Chrome closed
2021-27-01 15:44:19   INFO [webTest.googleTest.SearchRandomThings] : Chrome will be started
2021-27-01 15:44:21   INFO [webTest.googleTest.SearchRandomThings] : Chrome is started
2021-27-01 15:44:32   INFO [webTest.googleTest.SearchRandomThings] : Chrome closed
2021-27-01 15:45:33   INFO [webTest.googleTest.SearchRandomThings] : Chrome will be started
2021-27-01 15:45:35   INFO [webTest.googleTest.SearchRandomThings] : Chrome is started
2021-27-01 15:45:46   INFO [webTest.googleTest.SearchRandomThings] : Chrome closed
2021-27-01 15:47:00   INFO [webTest.googleTest.SearchRandomThings] : Chrome will be started
2021-27-01 15:47:02   INFO [webTest.googleTest.SearchRandomThings] : Chrome is started
2021-27-01 15:47:17   INFO [webTest.googleTest.SearchRandomThings] : Chrome will be started
2021-27-01 15:47:19   INFO [webTest.googleTest.SearchRandomThings] : Chrome is started
2021-27-01 15:47:30   INFO [webTest.googleTest.SearchRandomThings] : Chrome closed
2021-27-01 15:48:54   INFO [webTest.googleTest.SearchRandomThings] : Chrome will be started
2021-27-01 15:48:56   INFO [webTest.googleTest.SearchRandomThings] : Chrome is started
2021-27-01 15:49:07   INFO [webTest.googleTest.SearchRandomThings] : Chrome closed
2021-27-01 15:49:33   INFO [webTest.googleTest.SearchRandomThings] : Chrome will be started
2021-27-01 15:49:35   INFO [webTest.googleTest.SearchRandomThings] : Chrome is started
2021-27-01 15:49:46   INFO [webTest.googleTest.SearchRandomThings] : Chrome closed
2021-28-01 10:07:15   INFO [webTest.googleTest.SearchRandomThings] : Chrome will be started
2021-28-01 10:07:17   INFO [webTest.googleTest.SearchRandomThings] : Chrome is started
2021-28-01 10:07:17  ERROR [pages.WorkPage] : Our doesn't opened
2021-28-01 10:07:38   INFO [webTest.googleTest.SearchRandomThings] : Chrome closed
2021-28-01 10:10:56   INFO [webTest.googleTest.SearchRandomThings] : Chrome will be started
2021-28-01 10:10:59   INFO [webTest.googleTest.SearchRandomThings] : Chrome is started
2021-28-01 10:10:59  ERROR [pages.WorkPage] : Our doesn't opened
2021-28-01 10:11:19   INFO [webTest.googleTest.SearchRandomThings] : Chrome closed
2021-28-01 10:12:10   INFO [webTest.googleTest.SearchRandomThings] : Chrome will be started
2021-28-01 10:12:12   INFO [webTest.googleTest.SearchRandomThings] : Chrome is started
2021-28-01 10:12:12  ERROR [pages.WorkPage] : Our page doesn't opened
2021-28-01 10:14:46   INFO [webTest.googleTest.SearchRandomThings] : Chrome will be started
2021-28-01 10:14:48   INFO [webTest.googleTest.SearchRandomThings] : Chrome is started
2021-28-01 10:14:48  ERROR [pages.WorkPage] : Our page doesn't opened
2021-28-01 10:15:09   INFO [webTest.googleTest.SearchRandomThings] : Chrome closed
2021-28-01 10:15:35   INFO [webTest.googleTest.SearchRandomThings] : Chrome will be started
2021-28-01 10:15:37   INFO [webTest.googleTest.SearchRandomThings] : Chrome is started
2021-28-01 10:15:38   INFO [webTest.googleTest.SearchRandomThings] : Chrome closed
2021-28-01 10:16:45   INFO [webTest.googleTest.SearchRandomThings] : Chrome will be started
2021-28-01 10:16:47   INFO [webTest.googleTest.SearchRandomThings] : Chrome is started
2021-28-01 10:16:48   INFO [webTest.googleTest.SearchRandomThings] : Chrome closed
2021-28-01 10:19:08   INFO [webTest.googleTest.SearchRandomThings] : Chrome will be started
2021-28-01 10:19:10   INFO [webTest.googleTest.SearchRandomThings] : Chrome is started
2021-28-01 10:19:11   INFO [webTest.googleTest.SearchRandomThings] : Chrome closed
2021-28-01 10:19:36   INFO [webTest.googleTest.SearchRandomThings] : Chrome will be started
2021-28-01 10:19:38   INFO [webTest.googleTest.SearchRandomThings] : Chrome is started
2021-28-01 10:19:39   INFO [webTest.googleTest.SearchRandomThings] : Chrome closed
2021-28-01 10:20:52   INFO [webTest.googleTest.SearchRandomThings] : Chrome will be started
2021-28-01 10:20:54   INFO [webTest.googleTest.SearchRandomThings] : Chrome is started
2021-28-01 10:20:55  ERROR [pages.WorkPage] : Our page doesn't opened
2021-28-01 10:20:55   INFO [webTest.googleTest.SearchRandomThings] : Chrome closed
2021-28-01 10:22:25   INFO [webTest.googleTest.SearchRandomThings] : Chrome will be started
2021-28-01 10:22:27   INFO [webTest.googleTest.SearchRandomThings] : Chrome is started
2021-28-01 10:22:27  ERROR [pages.WorkPage] : Our page doesn't opened
2021-28-01 10:22:48   INFO [webTest.googleTest.SearchRandomThings] : Chrome closed
2021-28-01 10:25:21   INFO [webTest.googleTest.SearchRandomThings] : Chrome will be started
2021-28-01 10:25:23   INFO [webTest.googleTest.SearchRandomThings] : Chrome is started
2021-28-01 10:25:23  ERROR [pages.WorkPage] : Our page doesn't opened
2021-28-01 10:25:44   INFO [webTest.googleTest.SearchRandomThings] : Chrome closed
2021-28-01 10:26:33   INFO [webTest.googleTest.SearchRandomThings] : Chrome will be started
2021-28-01 10:26:35   INFO [webTest.googleTest.SearchRandomThings] : Chrome is started
2021-28-01 10:26:35  ERROR [pages.WorkPage] : Our page doesn't opened
2021-28-01 10:26:46   INFO [webTest.googleTest.SearchRandomThings] : Chrome closed
2021-28-01 10:30:05   INFO [webTest.googleTest.SearchRandomThings] : Chrome will be started
2021-28-01 10:30:07   INFO [webTest.googleTest.SearchRandomThings] : Chrome is started
2021-28-01 10:30:08  ERROR [pages.WorkPage] : Our page doesn't opened
2021-28-01 10:30:19   INFO [webTest.googleTest.SearchRandomThings] : Chrome closed
2021-28-01 10:31:35   INFO [webTest.googleTest.SearchRandomThings] : Chrome will be started
2021-28-01 10:31:37   INFO [webTest.googleTest.SearchRandomThings] : Chrome is started
2021-28-01 10:31:38   INFO [pages.WorkPage] : org.openqa.selenium.InvalidArgumentException: invalid argument
  (Session info: chrome=88.0.4324.104)
Build info: version: '3.141.59', revision: 'e82be7d358', time: '2018-11-14T08:17:03'
System info: host: 'DESKTOP-0PTGLHV', ip: '192.168.88.78', os.name: 'Windows 10', os.arch: 'amd64', os.version: '10.0', java.version: '1.8.0_221'
Driver info: org.openqa.selenium.chrome.ChromeDriver
Capabilities {acceptInsecureCerts: true, browserName: chrome, browserVersion: 88.0.4324.104, chrome: {chromedriverVersion: 88.0.4324.96 (68dba2d8a0b14..., userDataDir: C:\Users\1\AppData\Local\Te...}, goog:chromeOptions: {debuggerAddress: localhost:61523}, javascriptEnabled: true, networkConnectionEnabled: false, pageLoadStrategy: normal, platform: WINDOWS, platformName: WINDOWS, proxy: Proxy(), setWindowRect: true, strictFileInteractability: false, timeouts: {implicit: 0, pageLoad: 300000, script: 30000}, unhandledPromptBehavior: dismiss and notify, webauthn:extension:largeBlob: true, webauthn:virtualAuthenticators: true}
Session ID: 4a4d6973b817aaeab85304668d18b26c
2021-28-01 10:31:38  ERROR [pages.WorkPage] : Our page doesn't opened
2021-28-01 10:31:48   INFO [webTest.googleTest.SearchRandomThings] : Chrome closed
2021-28-01 10:34:15   INFO [webTest.googleTest.SearchRandomThings] : Chrome will be started
2021-28-01 10:34:17   INFO [webTest.googleTest.SearchRandomThings] : Chrome is started
2021-28-01 10:35:10   INFO [webTest.googleTest.SearchRandomThings] : Chrome will be started
2021-28-01 10:35:13   INFO [webTest.googleTest.SearchRandomThings] : Chrome is started
2021-28-01 10:35:14   INFO [libs.ActionsWithWebElements] : some Test text was inputted into element
2021-28-01 10:36:21   INFO [webTest.googleTest.SearchRandomThings] : Chrome will be started
2021-28-01 10:36:23   INFO [webTest.googleTest.SearchRandomThings] : Chrome is started
2021-28-01 10:36:24   INFO [webTest.googleTest.SearchRandomThings] : Chrome closed
2021-28-01 10:36:48   INFO [webTest.googleTest.SearchRandomThings] : Chrome will be started
2021-28-01 10:36:50   INFO [webTest.googleTest.SearchRandomThings] : Chrome is started
2021-28-01 10:36:51   INFO [libs.ActionsWithWebElements] : some Test text was inputted into element
2021-28-01 10:36:52   INFO [libs.ActionsWithWebElements] : Enter was click
2021-28-01 10:37:03   INFO [webTest.googleTest.SearchRandomThings] : Chrome closed
2021-28-01 10:49:13   INFO [webTest.googleTest.SearchRandomThings] : Chrome will be started
2021-28-01 10:49:15   INFO [webTest.googleTest.SearchRandomThings] : Chrome is started
2021-28-01 10:49:16   INFO [pages.WorkPage] : Invalid action
2021-28-01 10:49:36   INFO [webTest.googleTest.SearchRandomThings] : Chrome closed
2021-28-01 10:49:47   INFO [webTest.googleTest.SearchRandomThings] : Chrome will be started
2021-28-01 10:49:49   INFO [webTest.googleTest.SearchRandomThings] : Chrome is started
2021-28-01 10:49:50   INFO [libs.ActionsWithWebElements] : Cats was inputted into element
2021-28-01 10:50:11   INFO [webTest.googleTest.SearchRandomThings] : Chrome closed
2021-28-01 10:51:01   INFO [webTest.googleTest.SearchRandomThings] : Chrome will be started
2021-28-01 10:51:03   INFO [webTest.googleTest.SearchRandomThings] : Chrome is started
2021-28-01 10:51:04   INFO [libs.ActionsWithWebElements] : Cats was inputted into element
2021-28-01 10:51:06   INFO [libs.ActionsWithWebElements] : Enter was click
2021-28-01 10:52:13   INFO [webTest.googleTest.SearchRandomThings] : Chrome will be started
2021-28-01 10:52:15   INFO [webTest.googleTest.SearchRandomThings] : Chrome is started
2021-28-01 10:52:16   INFO [libs.ActionsWithWebElements] : Cats was inputted into element
2021-28-01 10:52:18   INFO [libs.ActionsWithWebElements] : Enter was click
2021-28-01 10:52:39   INFO [webTest.googleTest.SearchRandomThings] : Chrome closed
2021-28-01 10:54:56   INFO [webTest.googleTest.SearchRandomThings] : Chrome will be started
2021-28-01 10:54:58   INFO [webTest.googleTest.SearchRandomThings] : Chrome is started
2021-28-01 10:54:59   INFO [libs.ActionsWithWebElements] : Cats was inputted into element
2021-28-01 10:55:01   INFO [libs.ActionsWithWebElements] : Enter was click
2021-28-01 10:55:20   INFO [webTest.googleTest.SearchRandomThings] : Chrome closed
2021-28-01 10:58:31   INFO [webTest.googleTest.SearchRandomThings] : Chrome will be started
2021-28-01 10:58:34   INFO [webTest.googleTest.SearchRandomThings] : Chrome is started
2021-28-01 10:58:35   INFO [libs.ActionsWithWebElements] : Cats was inputted into element
2021-28-01 10:58:37   INFO [libs.ActionsWithWebElements] : Enter was click
2021-28-01 10:59:19   INFO [webTest.googleTest.SearchRandomThings] : Chrome will be started
2021-28-01 10:59:22   INFO [webTest.googleTest.SearchRandomThings] : Chrome is started
2021-28-01 10:59:23   INFO [libs.ActionsWithWebElements] : Cats was inputted into element
2021-28-01 10:59:23   INFO [webTest.googleTest.SearchRandomThings] : Chrome closed
2021-28-01 11:07:22   INFO [webTest.googleTest.SearchRandomThings] : Chrome will be started
2021-28-01 11:07:24   INFO [webTest.googleTest.SearchRandomThings] : Chrome is started
2021-28-01 11:07:25   INFO [libs.ActionsWithWebElements] : Cats was inputted into element
2021-28-01 11:07:27   INFO [libs.ActionsWithWebElements] : Enter was click
2021-28-01 11:07:37   INFO [webTest.googleTest.SearchRandomThings] : Chrome closed
2021-28-01 11:10:19   INFO [webTest.googleTest.SearchRandomThings] : Chrome will be started
2021-28-01 11:10:21   INFO [webTest.googleTest.SearchRandomThings] : Chrome is started
2021-28-01 11:10:22   INFO [libs.ActionsWithWebElements] : Cats was inputted into element
2021-28-01 11:10:24   INFO [libs.ActionsWithWebElements] : Enter was click
2021-28-01 11:22:13   INFO [webTest.googleTest.SearchRandomThings] : Chrome will be started
2021-28-01 11:22:15   INFO [webTest.googleTest.SearchRandomThings] : Chrome is started
2021-28-01 11:22:16   INFO [libs.ActionsWithWebElements] : Cats was inputted into element
2021-28-01 11:22:18   INFO [libs.ActionsWithWebElements] : Enter was click
2021-28-01 11:38:30   INFO [webTest.googleTest.SearchRandomThings] : Chrome will be started
2021-28-01 11:38:32   INFO [webTest.googleTest.SearchRandomThings] : Chrome is started
2021-28-01 11:38:33   INFO [libs.ActionsWithWebElements] : Cats was inputted into element
2021-28-01 11:38:35   INFO [libs.ActionsWithWebElements] : Enter was click
2021-28-01 11:39:03   INFO [webTest.googleTest.SearchRandomThings] : Chrome will be started
2021-28-01 11:39:05   INFO [webTest.googleTest.SearchRandomThings] : Chrome is started
2021-28-01 11:39:06   INFO [libs.ActionsWithWebElements] : Cats was inputted into element
2021-28-01 11:39:08   INFO [libs.ActionsWithWebElements] : Enter was click
2021-28-01 11:39:18   INFO [webTest.googleTest.SearchRandomThings] : Chrome closed
2021-28-01 14:22:21   INFO [webTest.googleTest.SearchRandomThings] : Chrome will be started
2021-28-01 14:22:23   INFO [webTest.googleTest.SearchRandomThings] : Chrome is started
2021-28-01 14:22:25   INFO [webTest.googleTest.SearchRandomThings] : Chrome closed
2021-28-01 14:22:44   INFO [webTest.googleTest.SearchRandomThings] : Chrome will be started
2021-28-01 14:22:46   INFO [webTest.googleTest.SearchRandomThings] : Chrome is started
2021-28-01 14:22:47   INFO [libs.ActionsWithWebElements] : Cats was inputted into element
2021-28-01 14:22:49   INFO [libs.ActionsWithWebElements] : Enter was click
2021-28-01 14:26:19   INFO [webTest.googleTest.SearchRandomThings] : Chrome will be started
2021-28-01 14:26:21   INFO [webTest.googleTest.SearchRandomThings] : Chrome is started
2021-28-01 14:26:23   INFO [webTest.googleTest.SearchRandomThings] : Chrome closed
2021-28-01 15:18:06   INFO [webTest.googleTest.SearchRandomThings] : Chrome will be started
2021-28-01 15:18:08   INFO [webTest.googleTest.SearchRandomThings] : Chrome is started
2021-28-01 15:18:09   INFO [webTest.googleTest.SearchRandomThings] : Chrome closed
2021-28-01 15:19:16   INFO [webTest.googleTest.SearchRandomThings] : Chrome will be started
2021-28-01 15:19:18   INFO [webTest.googleTest.SearchRandomThings] : Chrome is started
2021-28-01 15:19:19   INFO [libs.ActionsWithWebElements] : Cats was inputted into element
2021-28-01 15:19:20   INFO [libs.ActionsWithWebElements] : Enter was click
2021-28-01 15:19:31   INFO [webTest.googleTest.SearchRandomThings] : Chrome closed
2021-28-01 15:19:54   INFO [webTest.googleTest.SearchRandomThings] : Chrome will be started
2021-28-01 15:19:56   INFO [webTest.googleTest.SearchRandomThings] : Chrome is started
2021-28-01 15:19:57   INFO [libs.ActionsWithWebElements] : Cats was inputted into element
2021-28-01 15:19:57   INFO [libs.ActionsWithWebElements] :  was inputted into element
2021-28-01 15:20:08   INFO [webTest.googleTest.SearchRandomThings] : Chrome closed
2021-28-01 15:21:14   INFO [webTest.googleTest.SearchRandomThings] : Chrome will be started
2021-28-01 15:21:16   INFO [webTest.googleTest.SearchRandomThings] : Chrome is started
2021-28-01 15:21:17   INFO [libs.ActionsWithWebElements] : Cats was inputted into element
2021-28-01 15:21:19   INFO [libs.ActionsWithWebElements] : Enter was click
2021-28-01 15:27:42   INFO [webTest.googleTest.SearchRandomThings] : Chrome will be started
2021-28-01 15:27:44   INFO [webTest.googleTest.SearchRandomThings] : Chrome is started
2021-28-01 15:27:45   INFO [libs.ActionsWithWebElements] : Cats was inputted into element
2021-28-01 15:27:46   INFO [libs.ActionsWithWebElements] : Enter was click
2021-28-01 15:27:57   INFO [webTest.googleTest.SearchRandomThings] : Chrome closed
2021-28-01 15:31:20   INFO [webTest.googleTest.SearchRandomThings] : Chrome will be started
2021-28-01 15:31:22   INFO [webTest.googleTest.SearchRandomThings] : Chrome is started
2021-28-01 15:31:23   INFO [libs.ActionsWithWebElements] : Cats was inputted into element
2021-28-01 15:31:25   INFO [libs.ActionsWithWebElements] : Enter was click
2021-28-01 15:31:35   INFO [webTest.googleTest.SearchRandomThings] : Chrome closed
2021-28-01 15:33:27   INFO [webTest.googleTest.SearchRandomThings] : Chrome will be started
2021-28-01 15:33:29   INFO [webTest.googleTest.SearchRandomThings] : Chrome is started
2021-28-01 15:33:30   INFO [libs.ActionsWithWebElements] : Cats was inputted into element
2021-28-01 15:33:31   INFO [libs.ActionsWithWebElements] : Enter was click
2021-28-01 15:33:41   INFO [webTest.googleTest.SearchRandomThings] : Chrome closed
2021-28-01 15:36:00   INFO [webTest.googleTest.SearchRandomThings] : Chrome will be started
2021-28-01 15:36:02   INFO [webTest.googleTest.SearchRandomThings] : Chrome is started
2021-28-01 15:36:03   INFO [libs.ActionsWithWebElements] : Cats was inputted into element
2021-28-01 15:36:05   INFO [libs.ActionsWithWebElements] : Enter was click
2021-28-01 15:36:16   INFO [webTest.googleTest.SearchRandomThings] : Chrome closed
2021-28-01 15:36:54   INFO [webTest.googleTest.SearchRandomThings] : Chrome will be started
2021-28-01 15:36:56   INFO [webTest.googleTest.SearchRandomThings] : Chrome is started
2021-28-01 15:36:57   INFO [libs.ActionsWithWebElements] : Cats was inputted into element
2021-28-01 15:36:59   INFO [libs.ActionsWithWebElements] : Enter was click
2021-28-01 15:37:09   INFO [webTest.googleTest.SearchRandomThings] : Chrome closed
2021-29-01 14:12:30   INFO [webTest.googleTest.SearchRandomThings] : Remote Driver will be started
2021-29-01 14:16:59   INFO [webTest.googleTest.SearchRandomThings] : Remote Driver will be started
2021-29-01 14:18:21   INFO [webTest.googleTest.SearchRandomThings] : Remote Driver will be started
2021-29-01 15:14:48   INFO [webTest.googleTest.SearchRandomThings] : Remote Driver will be started
2021-29-01 15:22:36   INFO [webTest.googleTest.SearchRandomThings] : Remote Driver will be started
2021-29-01 17:54:33   INFO [webTest.googleTest.SearchRandomThings] : ChromeHeadless will be started
2021-29-01 17:54:35   INFO [webTest.googleTest.SearchRandomThings] : ChromeHeadless is started
2021-29-01 17:54:36   INFO [libs.ActionsWithWebElements] : Cats was inputted into element
2021-29-01 17:54:38   INFO [libs.ActionsWithWebElements] : Enter was click
2021-29-01 17:54:49   INFO [webTest.googleTest.SearchRandomThings] : Chrome closed
2021-02-02 17:31:55   INFO [webTest.googleTest.SearchRandomThings] : ChromeHeadless will be started
2021-02-02 17:31:57   INFO [webTest.googleTest.SearchRandomThings] : ChromeHeadless is started
2021-02-02 17:31:58   INFO [libs.ActionsWithWebElements] : Cats was inputted into element
2021-02-02 17:32:01   INFO [libs.ActionsWithWebElements] : Enter was click
2021-02-02 17:32:11   INFO [webTest.googleTest.SearchRandomThings] : Chrome closed
2021-02-02 17:32:31  ERROR [webTest.googleTest.SearchRandomThings] : Can`t init driver
2021-02-02 17:32:54   INFO [webTest.googleTest.SearchRandomThings] : Chrome will be started
2021-02-02 17:32:56   INFO [webTest.googleTest.SearchRandomThings] : Chrome is started
2021-02-02 17:32:57   INFO [libs.ActionsWithWebElements] : Cats was inputted into element
2021-02-02 17:32:59   INFO [libs.ActionsWithWebElements] : Enter was click
2021-02-02 17:33:10   INFO [webTest.googleTest.SearchRandomThings] : Chrome closed
2021-08-02 10:42:48   INFO [webTest.googleTest.SearchRandomThings] : Chrome will be started
2021-08-02 10:42:54   INFO [webTest.googleTest.SearchRandomThings] : Chrome is started
2021-08-02 10:42:55   INFO [libs.ActionsWithWebElements] : Cats was inputted into element
2021-08-02 10:42:58   INFO [libs.ActionsWithWebElements] : Enter was click
2021-08-02 10:43:08   INFO [webTest.googleTest.SearchRandomThings] : Chrome closed
2021-08-02 12:29:05   INFO [webTest.googleTest.SearchRandomThings] : Chrome will be started
2021-08-02 12:29:07   INFO [webTest.googleTest.SearchRandomThings] : Chrome is started
2021-08-02 12:29:08   INFO [libs.ActionsWithWebElements] : Cats was inputted into element
2021-08-02 12:29:11   INFO [libs.ActionsWithWebElements] : Enter was click
2021-08-02 12:48:28   INFO [webTest.googleTest.SearchRandomThings] : Chrome will be started
2021-08-02 12:48:30   INFO [webTest.googleTest.SearchRandomThings] : Chrome is started
2021-08-02 12:48:31   INFO [libs.ActionsWithWebElements] : Cats was inputted into element
2021-08-02 12:48:33   INFO [libs.ActionsWithWebElements] : Enter was click
2021-08-02 13:46:54   INFO [webTest.googleTest.SearchRandomThings] : Chrome will be started
2021-08-02 13:46:57   INFO [webTest.googleTest.SearchRandomThings] : Chrome is started
2021-08-02 13:46:58   INFO [webTest.googleTest.SearchRandomThings] : Chrome closed
2021-08-02 15:30:46   INFO [webTest.googleTest.SearchRandomThings] : Chrome will be started
2021-08-02 15:30:48   INFO [webTest.googleTest.SearchRandomThings] : Chrome is started
2021-08-02 15:30:49   INFO [libs.ActionsWithWebElements] : Cats was inputted into element
2021-08-02 15:32:40   INFO [webTest.googleTest.SearchRandomThings] : Chrome will be started
2021-08-02 15:32:42   INFO [webTest.googleTest.SearchRandomThings] : Chrome is started
2021-08-02 15:32:44   INFO [libs.ActionsWithWebElements] : Cats was inputted into element
2021-08-02 15:32:46   INFO [libs.ActionsWithWebElements] : Enter was click
2021-08-02 15:32:56   INFO [webTest.googleTest.SearchRandomThings] : Chrome closed
2021-08-02 16:14:31   INFO [webTest.googleTest.SearchRandomThings] : Chrome will be started
2021-08-02 16:14:33   INFO [webTest.googleTest.SearchRandomThings] : Chrome is started
2021-08-02 16:14:35   INFO [libs.ActionsWithWebElements] : Cats was inputted into element
2021-08-02 16:14:37   INFO [libs.ActionsWithWebElements] : Enter was click
2021-08-02 17:00:40   INFO [webTest.googleTest.SearchRandomThings] : Chrome will be started
2021-08-02 17:00:42   INFO [webTest.googleTest.SearchRandomThings] : Chrome is started
2021-08-02 17:00:43   INFO [libs.ActionsWithWebElements] : Cats was inputted into element
2021-08-02 17:00:45   INFO [libs.ActionsWithWebElements] : Enter was click
2021-09-02 11:15:04   INFO [webTest.googleTest.SearchRandomThings] : Chrome will be started
2021-09-02 11:15:06   INFO [webTest.googleTest.SearchRandomThings] : Chrome is started
2021-09-02 11:15:07   INFO [libs.ActionsWithWebElements] : Cats was inputted into element
2021-09-02 11:15:10   INFO [libs.ActionsWithWebElements] : Enter was click
2021-09-02 11:15:20   INFO [webTest.googleTest.SearchRandomThings] : Chrome closed
2021-09-02 11:47:17   INFO [webTest.facebookTest.CreateFacebookTextStories] : Chrome will be started
2021-09-02 11:47:19   INFO [webTest.facebookTest.CreateFacebookTextStories] : Chrome is started
2021-09-02 11:47:21   INFO [webTest.facebookTest.CreateFacebookTextStories] : Chrome closed
2021-09-02 12:16:06   INFO [webTest.facebookTest.CreateFacebookTextStories] : Chrome will be started
2021-09-02 12:16:08   INFO [webTest.facebookTest.CreateFacebookTextStories] : Chrome is started
2021-09-02 12:16:10   INFO [libs.ActionsWithWebElements] : minatonski@gmail.com was inputted into element
2021-09-02 12:16:10   INFO [libs.ActionsWithWebElements] : 44B/HY7v>`zStn[& was inputted into element
2021-09-02 12:16:11   INFO [webTest.facebookTest.CreateFacebookTextStories] : Chrome closed
2021-09-02 12:16:31   INFO [webTest.facebookTest.CreateFacebookTextStories] : Chrome will be started
2021-09-02 12:16:33   INFO [webTest.facebookTest.CreateFacebookTextStories] : Chrome is started
2021-09-02 12:16:35   INFO [libs.ActionsWithWebElements] : minatonski@gmail.com was inputted into element
2021-09-02 12:16:35   INFO [libs.ActionsWithWebElements] : 44B/HY7v>`zStn[& was inputted into element
2021-09-02 12:16:46   INFO [webTest.facebookTest.CreateFacebookTextStories] : Chrome closed
2021-09-02 12:33:50   INFO [webTest.facebookTest.CreateFacebookTextStories] : Chrome will be started
2021-09-02 12:33:52   INFO [webTest.facebookTest.CreateFacebookTextStories] : Chrome is started
2021-09-02 12:33:53   INFO [libs.ActionsWithWebElements] : minatonski@gmail.com was inputted into element
2021-09-02 12:33:53   INFO [libs.ActionsWithWebElements] : 44B/HY7v>`zStn[& was inputted into element
2021-09-02 12:34:18   INFO [webTest.facebookTest.CreateFacebookTextStories] : Chrome closed
2021-09-02 12:35:02   INFO [webTest.facebookTest.CreateFacebookTextStories] : Chrome will be started
2021-09-02 12:35:04   INFO [webTest.facebookTest.CreateFacebookTextStories] : Chrome is started
2021-09-02 12:35:05   INFO [libs.ActionsWithWebElements] : minatonski@gmail.com was inputted into element
2021-09-02 12:35:06   INFO [libs.ActionsWithWebElements] : 44B/HY7v>`zStn[& was inputted into element
2021-09-02 12:39:27   INFO [webTest.facebookTest.CreateFacebookTextStories] : Chrome will be started
2021-09-02 12:39:29   INFO [webTest.facebookTest.CreateFacebookTextStories] : Chrome is started
2021-09-02 12:39:30   INFO [libs.ActionsWithWebElements] : minatonski@gmail.com was inputted into element
2021-09-02 12:39:30   INFO [libs.ActionsWithWebElements] : 44B/HY7v>`zStn[& was inputted into element
2021-09-02 12:39:52   INFO [webTest.facebookTest.CreateFacebookTextStories] : Chrome will be started
2021-09-02 12:39:55   INFO [webTest.facebookTest.CreateFacebookTextStories] : Chrome is started
2021-09-02 12:39:56   INFO [libs.ActionsWithWebElements] : minatonski@gmail.com was inputted into element
2021-09-02 12:39:56   INFO [libs.ActionsWithWebElements] : 44B/HY7v>`zStn[& was inputted into element
2021-09-02 12:40:38   INFO [webTest.facebookTest.CreateFacebookTextStories] : Chrome will be started
2021-09-02 12:40:40   INFO [webTest.facebookTest.CreateFacebookTextStories] : Chrome is started
2021-09-02 12:40:41   INFO [libs.ActionsWithWebElements] : minatonski@gmail.com was inputted into element
2021-09-02 12:40:42   INFO [libs.ActionsWithWebElements] : 44B/HY7v>`zStn[& was inputted into element
2021-09-02 12:41:14   INFO [webTest.facebookTest.CreateFacebookTextStories] : Chrome will be started
2021-09-02 12:41:16   INFO [webTest.facebookTest.CreateFacebookTextStories] : Chrome is started
2021-09-02 12:41:18   INFO [libs.ActionsWithWebElements] : minatonski@gmail.com was inputted into element
2021-09-02 12:41:19   INFO [libs.ActionsWithWebElements] : 44B/HY7v>`zStn[& was inputted into element
2021-09-02 12:42:00   INFO [webTest.facebookTest.CreateFacebookTextStories] : Chrome closed
2021-09-02 12:47:23   INFO [webTest.facebookTest.CreateFacebookTextStories] : Chrome will be started
2021-09-02 12:47:25   INFO [webTest.facebookTest.CreateFacebookTextStories] : Chrome is started
2021-09-02 12:47:26   INFO [libs.ActionsWithWebElements] : minatonski@gmail.com was inputted into element
2021-09-02 12:47:27   INFO [libs.ActionsWithWebElements] : 44B/HY7v>`zStn[& was inputted into element
2021-09-02 14:06:15   INFO [webTest.facebookTest.CreateFacebookTextStories] : Chrome will be started
2021-09-02 14:06:17   INFO [webTest.facebookTest.CreateFacebookTextStories] : Chrome is started
2021-09-02 14:06:18   INFO [libs.ActionsWithWebElements] : minatonski@gmail.com was inputted into element
2021-09-02 14:06:18   INFO [libs.ActionsWithWebElements] : 44B/HY7v>`zStn[& was inputted into element
2021-09-02 14:07:25  ERROR [libs.ActionsWithWebElements] : Cannot work with element org.openqa.selenium.TimeoutException: Expected condition failed: waiting for element to be clickable: Proxy element for: DefaultElementLocator 'By.xpath: //*[@id="mount_0_0"]/div/div[1]/div/div[4]/div/div/div[1]/div/div[3]/div[2]/div[2]/div/div/div/div/div[2]/div[1]/div[1]/i' (tried for 40 second(s) with 500 milliseconds interval)
2021-09-02 14:07:26   INFO [webTest.facebookTest.CreateFacebookTextStories] : Chrome closed
2021-09-02 14:08:51   INFO [webTest.facebookTest.CreateFacebookTextStories] : Chrome will be started
2021-09-02 14:08:53   INFO [webTest.facebookTest.CreateFacebookTextStories] : Chrome is started
2021-09-02 14:08:55   INFO [libs.ActionsWithWebElements] : minatonski@gmail.com was inputted into element
2021-09-02 14:08:55   INFO [libs.ActionsWithWebElements] : 44B/HY7v>`zStn[& was inputted into element
2021-09-02 14:09:02   INFO [libs.ActionsWithWebElements] : My first post was inputted into element
2021-09-02 14:09:23   INFO [webTest.facebookTest.CreateFacebookTextStories] : Chrome closed
2021-09-02 14:36:01   INFO [webTest.facebookTest.CreateFacebookPhotoStories] : Chrome will be started
2021-09-02 14:36:03   INFO [webTest.facebookTest.CreateFacebookPhotoStories] : Chrome is started
2021-09-02 14:36:05   INFO [libs.ActionsWithWebElements] : minatonski@gmail.com was inputted into element
2021-09-02 14:36:05   INFO [libs.ActionsWithWebElements] : 44B/HY7v>`zStn[& was inputted into element
2021-09-02 14:36:13  ERROR [libs.ActionsWithWebElements] : Cannot work with element org.openqa.selenium.ElementNotInteractableException: element not interactable
  (Session info: chrome=88.0.4324.146)
Build info: version: '3.141.59', revision: 'e82be7d358', time: '2018-11-14T08:17:03'
System info: host: 'DESKTOP-0PTGLHV', ip: '192.168.88.78', os.name: 'Windows 10', os.arch: 'amd64', os.version: '10.0', java.version: '1.8.0_221'
Driver info: org.openqa.selenium.chrome.ChromeDriver
Capabilities {acceptInsecureCerts: true, browserName: chrome, browserVersion: 88.0.4324.146, chrome: {chromedriverVersion: 88.0.4324.96 (68dba2d8a0b14..., userDataDir: C:\Users\1\AppData\Local\Te...}, goog:chromeOptions: {debuggerAddress: localhost:64421}, javascriptEnabled: true, networkConnectionEnabled: false, pageLoadStrategy: normal, platform: WINDOWS, platformName: WINDOWS, proxy: Proxy(), setWindowRect: true, strictFileInteractability: false, timeouts: {implicit: 0, pageLoad: 300000, script: 30000}, unhandledPromptBehavior: dismiss and notify, webauthn:extension:largeBlob: true, webauthn:virtualAuthenticators: true}
Session ID: fc973c118a433d2e001ba7969c1fef77
2021-09-02 14:36:14   INFO [webTest.facebookTest.CreateFacebookPhotoStories] : Chrome closed
2021-09-02 14:42:41   INFO [webTest.facebookTest.CreateFacebookPhotoStories] : Chrome will be started
2021-09-02 14:42:43   INFO [webTest.facebookTest.CreateFacebookPhotoStories] : Chrome is started
2021-09-02 14:42:45   INFO [libs.ActionsWithWebElements] : minatonski@gmail.com was inputted into element
2021-09-02 14:42:45   INFO [libs.ActionsWithWebElements] : 44B/HY7v>`zStn[& was inputted into element
2021-09-02 14:42:53  ERROR [libs.ActionsWithWebElements] : Cannot work with element org.openqa.selenium.WebDriverException: unknown error: path is not absolute: src/test.jpg
  (Session info: chrome=88.0.4324.146)
Build info: version: '3.141.59', revision: 'e82be7d358', time: '2018-11-14T08:17:03'
System info: host: 'DESKTOP-0PTGLHV', ip: '192.168.88.78', os.name: 'Windows 10', os.arch: 'amd64', os.version: '10.0', java.version: '1.8.0_221'
Driver info: org.openqa.selenium.chrome.ChromeDriver
Capabilities {acceptInsecureCerts: true, browserName: chrome, browserVersion: 88.0.4324.146, chrome: {chromedriverVersion: 88.0.4324.96 (68dba2d8a0b14..., userDataDir: C:\Users\1\AppData\Local\Te...}, goog:chromeOptions: {debuggerAddress: localhost:64646}, javascriptEnabled: true, networkConnectionEnabled: false, pageLoadStrategy: normal, platform: WINDOWS, platformName: WINDOWS, proxy: Proxy(), setWindowRect: true, strictFileInteractability: false, timeouts: {implicit: 0, pageLoad: 300000, script: 30000}, unhandledPromptBehavior: dismiss and notify, webauthn:extension:largeBlob: true, webauthn:virtualAuthenticators: true}
Session ID: a26b9bb0de80f0bba7a5a4cb5d630290
2021-09-02 14:42:53   INFO [webTest.facebookTest.CreateFacebookPhotoStories] : Chrome closed
2021-09-02 15:27:34   INFO [webTest.facebookTest.CreateFacebookPhotoStories] : Chrome will be started
2021-09-02 15:27:36   INFO [webTest.facebookTest.CreateFacebookPhotoStories] : Chrome is started
2021-09-02 15:27:38   INFO [libs.ActionsWithWebElements] : minatonski@gmail.com was inputted into element
2021-09-02 15:27:38   INFO [libs.ActionsWithWebElements] : 44B/HY7v>`zStn[& was inputted into element
2021-09-02 15:28:07  ERROR [libs.ActionsWithWebElements] : Cannot work with element org.openqa.selenium.TimeoutException: Expected condition failed: waiting for visibility of [[ChromeDriver: chrome on WINDOWS (60d48d68a7bbf0f06c10ffa012ca47dc)] -> xpath: .//input[@accept='image/*,image/heif,image/heic']] (tried for 20 second(s) with 500 milliseconds interval)
Build info: version: '3.141.59', revision: 'e82be7d358', time: '2018-11-14T08:17:03'
System info: host: 'DESKTOP-0PTGLHV', ip: '192.168.88.78', os.name: 'Windows 10', os.arch: 'amd64', os.version: '10.0', java.version: '1.8.0_221'
Driver info: org.openqa.selenium.chrome.ChromeDriver
Capabilities {acceptInsecureCerts: true, browserName: chrome, browserVersion: 88.0.4324.146, chrome: {chromedriverVersion: 88.0.4324.96 (68dba2d8a0b14..., userDataDir: C:\Users\1\AppData\Local\Te...}, goog:chromeOptions: {debuggerAddress: localhost:49595}, javascriptEnabled: true, networkConnectionEnabled: false, pageLoadStrategy: normal, platform: WINDOWS, platformName: WINDOWS, proxy: Proxy(), setWindowRect: true, strictFileInteractability: false, timeouts: {implicit: 0, pageLoad: 300000, script: 30000}, unhandledPromptBehavior: dismiss and notify, webauthn:extension:largeBlob: true, webauthn:virtualAuthenticators: true}
Session ID: 60d48d68a7bbf0f06c10ffa012ca47dc
2021-09-02 15:28:07   INFO [webTest.facebookTest.CreateFacebookPhotoStories] : Chrome closed
2021-09-02 15:50:03   INFO [webTest.facebookTest.CreateFacebookPhotoStories] : Chrome will be started
2021-09-02 15:50:05   INFO [webTest.facebookTest.CreateFacebookPhotoStories] : Chrome is started
2021-09-02 15:50:07   INFO [libs.ActionsWithWebElements] : minatonski@gmail.com was inputted into element
2021-09-02 15:50:07   INFO [libs.ActionsWithWebElements] : 44B/HY7v>`zStn[& was inputted into element
2021-09-02 15:50:14  ERROR [libs.ActionsWithWebElements] : Cannot work with element org.openqa.selenium.WebDriverException: unknown error: path is not absolute: src/test.jpg
  (Session info: chrome=88.0.4324.146)
Build info: version: '3.141.59', revision: 'e82be7d358', time: '2018-11-14T08:17:03'
System info: host: 'DESKTOP-0PTGLHV', ip: '192.168.88.78', os.name: 'Windows 10', os.arch: 'amd64', os.version: '10.0', java.version: '1.8.0_221'
Driver info: org.openqa.selenium.chrome.ChromeDriver
Capabilities {acceptInsecureCerts: true, browserName: chrome, browserVersion: 88.0.4324.146, chrome: {chromedriverVersion: 88.0.4324.96 (68dba2d8a0b14..., userDataDir: C:\Users\1\AppData\Local\Te...}, goog:chromeOptions: {debuggerAddress: localhost:50336}, javascriptEnabled: true, networkConnectionEnabled: false, pageLoadStrategy: normal, platform: WINDOWS, platformName: WINDOWS, proxy: Proxy(), setWindowRect: true, strictFileInteractability: false, timeouts: {implicit: 0, pageLoad: 300000, script: 30000}, unhandledPromptBehavior: dismiss and notify, webauthn:extension:largeBlob: true, webauthn:virtualAuthenticators: true}
Session ID: 380950e64f33dc83dd057281365c17ea
2021-09-02 15:50:15   INFO [webTest.facebookTest.CreateFacebookPhotoStories] : Chrome closed
2021-09-02 16:31:45   INFO [webTest.facebookTest.CreateFacebookPost] : Chrome will be started
2021-09-02 16:31:47   INFO [webTest.facebookTest.CreateFacebookPost] : Chrome is started
2021-09-02 16:31:49   INFO [libs.ActionsWithWebElements] : minatonski@gmail.com was inputted into element
2021-09-02 16:31:49   INFO [libs.ActionsWithWebElements] : 44B/HY7v>`zStn[& was inputted into element
2021-09-02 16:31:55   INFO [webTest.facebookTest.CreateFacebookPost] : Chrome closed
2021-09-02 16:32:11   INFO [webTest.facebookTest.CreateFacebookPost] : Chrome will be started
2021-09-02 16:32:13   INFO [webTest.facebookTest.CreateFacebookPost] : Chrome is started
2021-09-02 16:32:14   INFO [libs.ActionsWithWebElements] : minatonski@gmail.com was inputted into element
2021-09-02 16:32:15   INFO [libs.ActionsWithWebElements] : 44B/HY7v>`zStn[& was inputted into element
2021-09-02 16:46:06   INFO [webTest.facebookTest.CreateFacebookPost] : Chrome will be started
2021-09-02 16:46:09   INFO [webTest.facebookTest.CreateFacebookPost] : Chrome is started
2021-09-02 16:46:10   INFO [libs.ActionsWithWebElements] : minatonski@gmail.com was inputted into element
2021-09-02 16:46:10   INFO [libs.ActionsWithWebElements] : 44B/HY7v>`zStn[& was inputted into element
2021-09-02 16:46:37  ERROR [libs.ActionsWithWebElements] : Cannot work with element org.openqa.selenium.ElementNotInteractableException: element not interactable
  (Session info: chrome=88.0.4324.146)
Build info: version: '3.141.59', revision: 'e82be7d358', time: '2018-11-14T08:17:03'
System info: host: 'DESKTOP-0PTGLHV', ip: '192.168.88.78', os.name: 'Windows 10', os.arch: 'amd64', os.version: '10.0', java.version: '1.8.0_221'
Driver info: org.openqa.selenium.chrome.ChromeDriver
Capabilities {acceptInsecureCerts: true, browserName: chrome, browserVersion: 88.0.4324.146, chrome: {chromedriverVersion: 88.0.4324.96 (68dba2d8a0b14..., userDataDir: C:\Users\1\AppData\Local\Te...}, goog:chromeOptions: {debuggerAddress: localhost:52096}, javascriptEnabled: true, networkConnectionEnabled: false, pageLoadStrategy: normal, platform: WINDOWS, platformName: WINDOWS, proxy: Proxy(), setWindowRect: true, strictFileInteractability: false, timeouts: {implicit: 0, pageLoad: 300000, script: 30000}, unhandledPromptBehavior: dismiss and notify, webauthn:extension:largeBlob: true, webauthn:virtualAuthenticators: true}
Session ID: fab95fcdcdb5d842db30e3cedbcde19f
2021-09-02 16:46:38   INFO [webTest.facebookTest.CreateFacebookPost] : Chrome closed
2021-09-02 16:57:52   INFO [webTest.facebookTest.CreateFacebookPost] : Chrome will be started
2021-09-02 16:57:54   INFO [webTest.facebookTest.CreateFacebookPost] : Chrome is started
2021-09-02 16:57:55   INFO [libs.ActionsWithWebElements] : minatonski@gmail.com was inputted into element
2021-09-02 16:57:56   INFO [libs.ActionsWithWebElements] : 44B/HY7v>`zStn[& was inputted into element
2021-09-02 16:58:02  ERROR [libs.ActionsWithWebElements] : Cannot work with element org.openqa.selenium.InvalidElementStateException: invalid element state
  (Session info: chrome=88.0.4324.146)
Build info: version: '3.141.59', revision: 'e82be7d358', time: '2018-11-14T08:17:03'
System info: host: 'DESKTOP-0PTGLHV', ip: '192.168.88.78', os.name: 'Windows 10', os.arch: 'amd64', os.version: '10.0', java.version: '1.8.0_221'
Driver info: org.openqa.selenium.chrome.ChromeDriver
Capabilities {acceptInsecureCerts: true, browserName: chrome, browserVersion: 88.0.4324.146, chrome: {chromedriverVersion: 88.0.4324.96 (68dba2d8a0b14..., userDataDir: C:\Users\1\AppData\Local\Te...}, goog:chromeOptions: {debuggerAddress: localhost:52507}, javascriptEnabled: true, networkConnectionEnabled: false, pageLoadStrategy: normal, platform: WINDOWS, platformName: WINDOWS, proxy: Proxy(), setWindowRect: true, strictFileInteractability: false, timeouts: {implicit: 0, pageLoad: 300000, script: 30000}, unhandledPromptBehavior: dismiss and notify, webauthn:extension:largeBlob: true, webauthn:virtualAuthenticators: true}
Session ID: eca61b4f5e81b290f8857fc8afd373e7
2021-09-02 16:58:03   INFO [webTest.facebookTest.CreateFacebookPost] : Chrome closed
2021-09-02 17:02:02   INFO [webTest.facebookTest.CreateFacebookPost] : Chrome will be started
2021-09-02 17:02:04   INFO [webTest.facebookTest.CreateFacebookPost] : Chrome is started
2021-09-02 17:02:05   INFO [libs.ActionsWithWebElements] : minatonski@gmail.com was inputted into element
2021-09-02 17:02:05   INFO [libs.ActionsWithWebElements] : 44B/HY7v>`zStn[& was inputted into element
2021-09-02 17:02:11  ERROR [libs.ActionsWithWebElements] : Cannot work with element org.openqa.selenium.InvalidElementStateException: invalid element state
  (Session info: chrome=88.0.4324.146)
Build info: version: '3.141.59', revision: 'e82be7d358', time: '2018-11-14T08:17:03'
System info: host: 'DESKTOP-0PTGLHV', ip: '192.168.88.78', os.name: 'Windows 10', os.arch: 'amd64', os.version: '10.0', java.version: '1.8.0_221'
Driver info: org.openqa.selenium.chrome.ChromeDriver
Capabilities {acceptInsecureCerts: true, browserName: chrome, browserVersion: 88.0.4324.146, chrome: {chromedriverVersion: 88.0.4324.96 (68dba2d8a0b14..., userDataDir: C:\Users\1\AppData\Local\Te...}, goog:chromeOptions: {debuggerAddress: localhost:52662}, javascriptEnabled: true, networkConnectionEnabled: false, pageLoadStrategy: normal, platform: WINDOWS, platformName: WINDOWS, proxy: Proxy(), setWindowRect: true, strictFileInteractability: false, timeouts: {implicit: 0, pageLoad: 300000, script: 30000}, unhandledPromptBehavior: dismiss and notify, webauthn:extension:largeBlob: true, webauthn:virtualAuthenticators: true}
Session ID: 27acb3a1e6ee90723f03c6d54abb7732
2021-09-02 17:02:12   INFO [webTest.facebookTest.CreateFacebookPost] : Chrome closed
2021-09-02 17:02:52   INFO [webTest.facebookTest.CreateFacebookPost] : Chrome will be started
2021-09-02 17:02:54   INFO [webTest.facebookTest.CreateFacebookPost] : Chrome is started
2021-09-02 17:02:55   INFO [libs.ActionsWithWebElements] : minatonski@gmail.com was inputted into element
2021-09-02 17:02:55   INFO [libs.ActionsWithWebElements] : 44B/HY7v>`zStn[& was inputted into element
2021-09-02 17:03:02  ERROR [libs.ActionsWithWebElements] : Cannot work with element org.openqa.selenium.InvalidElementStateException: invalid element state
  (Session info: chrome=88.0.4324.146)
Build info: version: '3.141.59', revision: 'e82be7d358', time: '2018-11-14T08:17:03'
System info: host: 'DESKTOP-0PTGLHV', ip: '192.168.88.78', os.name: 'Windows 10', os.arch: 'amd64', os.version: '10.0', java.version: '1.8.0_221'
Driver info: org.openqa.selenium.chrome.ChromeDriver
Capabilities {acceptInsecureCerts: false, browserName: chrome, browserVersion: 88.0.4324.146, chrome: {chromedriverVersion: 88.0.4324.96 (68dba2d8a0b14..., userDataDir: C:\Users\1\AppData\Local\Te...}, goog:chromeOptions: {debuggerAddress: localhost:52723}, javascriptEnabled: true, networkConnectionEnabled: false, pageLoadStrategy: normal, platform: WINDOWS, platformName: WINDOWS, proxy: Proxy(), setWindowRect: true, strictFileInteractability: false, timeouts: {implicit: 0, pageLoad: 300000, script: 30000}, unhandledPromptBehavior: dismiss and notify, webauthn:extension:largeBlob: true, webauthn:virtualAuthenticators: true}
Session ID: ac4f891d20237826293b63bfb086a939
2021-09-02 17:03:03   INFO [webTest.facebookTest.CreateFacebookPost] : Chrome closed
2021-09-02 17:06:08   INFO [webTest.facebookTest.CreateFacebookPost] : Chrome will be started
2021-09-02 17:06:10   INFO [webTest.facebookTest.CreateFacebookPost] : Chrome is started
2021-09-02 17:06:11   INFO [libs.ActionsWithWebElements] : minatonski@gmail.com was inputted into element
2021-09-02 17:06:11   INFO [libs.ActionsWithWebElements] : 44B/HY7v>`zStn[& was inputted into element
2021-09-02 17:06:22  ERROR [libs.ActionsWithWebElements] : Cannot work with element org.openqa.selenium.InvalidElementStateException: invalid element state
  (Session info: chrome=88.0.4324.146)
Build info: version: '3.141.59', revision: 'e82be7d358', time: '2018-11-14T08:17:03'
System info: host: 'DESKTOP-0PTGLHV', ip: '192.168.88.78', os.name: 'Windows 10', os.arch: 'amd64', os.version: '10.0', java.version: '1.8.0_221'
Driver info: org.openqa.selenium.chrome.ChromeDriver
Capabilities {acceptInsecureCerts: false, browserName: chrome, browserVersion: 88.0.4324.146, chrome: {chromedriverVersion: 88.0.4324.96 (68dba2d8a0b14..., userDataDir: C:\Users\1\AppData\Local\Te...}, goog:chromeOptions: {debuggerAddress: localhost:52860}, javascriptEnabled: true, networkConnectionEnabled: false, pageLoadStrategy: normal, platform: WINDOWS, platformName: WINDOWS, proxy: Proxy(), setWindowRect: true, strictFileInteractability: false, timeouts: {implicit: 0, pageLoad: 300000, script: 30000}, unhandledPromptBehavior: dismiss and notify, webauthn:extension:largeBlob: true, webauthn:virtualAuthenticators: true}
Session ID: 10c225a02b866cf9a8933da07109c502
2021-09-02 17:06:23   INFO [webTest.facebookTest.CreateFacebookPost] : Chrome closed
2021-09-02 17:06:40   INFO [webTest.facebookTest.CreateFacebookPost] : Chrome will be started
2021-09-02 17:06:42   INFO [webTest.facebookTest.CreateFacebookPost] : Chrome is started
2021-09-02 17:06:43   INFO [libs.ActionsWithWebElements] : minatonski@gmail.com was inputted into element
2021-09-02 17:06:43   INFO [libs.ActionsWithWebElements] : 44B/HY7v>`zStn[& was inputted into element
2021-09-02 17:07:55  ERROR [libs.ActionsWithWebElements] : Cannot work with element org.openqa.selenium.TimeoutException: Expected condition failed: waiting for element to be clickable: Proxy element for: DefaultElementLocator 'By.xpath: //div[text()='    , Divan?']' (tried for 40 second(s) with 500 milliseconds interval)
2021-09-02 17:07:56   INFO [webTest.facebookTest.CreateFacebookPost] : Chrome closed
2021-09-02 17:11:57   INFO [webTest.facebookTest.CreateFacebookPost] : Chrome will be started
2021-09-02 17:11:59   INFO [webTest.facebookTest.CreateFacebookPost] : Chrome is started
2021-09-02 17:12:00   INFO [libs.ActionsWithWebElements] : minatonski@gmail.com was inputted into element
2021-09-02 17:12:01   INFO [libs.ActionsWithWebElements] : 44B/HY7v>`zStn[& was inputted into element
2021-09-02 17:12:12   INFO [webTest.facebookTest.CreateFacebookPost] : Chrome closed
2021-09-02 17:12:56   INFO [webTest.facebookTest.CreateFacebookPost] : Chrome will be started
2021-09-02 17:12:58   INFO [webTest.facebookTest.CreateFacebookPost] : Chrome is started
2021-09-02 17:12:59   INFO [libs.ActionsWithWebElements] : minatonski@gmail.com was inputted into element
2021-09-02 17:13:00   INFO [libs.ActionsWithWebElements] : 44B/HY7v>`zStn[& was inputted into element
2021-09-02 17:13:11   INFO [webTest.facebookTest.CreateFacebookPost] : Chrome closed
2021-09-02 17:20:00   INFO [webTest.facebookTest.CreateFacebookPost] : Chrome will be started
2021-09-02 17:20:02   INFO [webTest.facebookTest.CreateFacebookPost] : Chrome is started
2021-09-02 17:20:03   INFO [libs.ActionsWithWebElements] : minatonski@gmail.com was inputted into element
2021-09-02 17:20:04   INFO [libs.ActionsWithWebElements] : 44B/HY7v>`zStn[& was inputted into element
2021-09-02 17:20:15  ERROR [libs.ActionsWithWebElements] : Cannot work with element org.openqa.selenium.InvalidElementStateException: invalid element state
  (Session info: chrome=88.0.4324.146)
Build info: version: '3.141.59', revision: 'e82be7d358', time: '2018-11-14T08:17:03'
System info: host: 'DESKTOP-0PTGLHV', ip: '192.168.88.78', os.name: 'Windows 10', os.arch: 'amd64', os.version: '10.0', java.version: '1.8.0_221'
Driver info: org.openqa.selenium.chrome.ChromeDriver
Capabilities {acceptInsecureCerts: false, browserName: chrome, browserVersion: 88.0.4324.146, chrome: {chromedriverVersion: 88.0.4324.96 (68dba2d8a0b14..., userDataDir: C:\Users\1\AppData\Local\Te...}, goog:chromeOptions: {debuggerAddress: localhost:53476}, javascriptEnabled: true, networkConnectionEnabled: false, pageLoadStrategy: normal, platform: WINDOWS, platformName: WINDOWS, proxy: Proxy(), setWindowRect: true, strictFileInteractability: false, timeouts: {implicit: 0, pageLoad: 300000, script: 30000}, unhandledPromptBehavior: dismiss and notify, webauthn:extension:largeBlob: true, webauthn:virtualAuthenticators: true}
Session ID: 72e4f1ace1c959b9177335ced4c782b9
2021-09-02 17:20:15   INFO [webTest.facebookTest.CreateFacebookPost] : Chrome closed
2021-09-02 17:21:44   INFO [webTest.facebookTest.CreateFacebookPost] : Chrome will be started
2021-09-02 17:21:46   INFO [webTest.facebookTest.CreateFacebookPost] : Chrome is started
2021-09-02 17:21:48   INFO [libs.ActionsWithWebElements] : minatonski@gmail.com was inputted into element
2021-09-02 17:21:48   INFO [libs.ActionsWithWebElements] : 44B/HY7v>`zStn[& was inputted into element
2021-09-02 17:22:39  ERROR [libs.ActionsWithWebElements] : Cannot work with element org.openqa.selenium.TimeoutException: Expected condition failed: waiting for element to be clickable: [[ChromeDriver: chrome on WINDOWS (3d1e5fd4384e65bf2c4fad74fbdf1349)] -> xpath: //*[@data-text="true"]] (tried for 40 second(s) with 500 milliseconds interval)
Build info: version: '3.141.59', revision: 'e82be7d358', time: '2018-11-14T08:17:03'
System info: host: 'DESKTOP-0PTGLHV', ip: '192.168.88.78', os.name: 'Windows 10', os.arch: 'amd64', os.version: '10.0', java.version: '1.8.0_221'
Driver info: org.openqa.selenium.chrome.ChromeDriver
Capabilities {acceptInsecureCerts: false, browserName: chrome, browserVersion: 88.0.4324.146, chrome: {chromedriverVersion: 88.0.4324.96 (68dba2d8a0b14..., userDataDir: C:\Users\1\AppData\Local\Te...}, goog:chromeOptions: {debuggerAddress: localhost:53564}, javascriptEnabled: true, networkConnectionEnabled: false, pageLoadStrategy: normal, platform: WINDOWS, platformName: WINDOWS, proxy: Proxy(), setWindowRect: true, strictFileInteractability: false, timeouts: {implicit: 0, pageLoad: 300000, script: 30000}, unhandledPromptBehavior: dismiss and notify, webauthn:extension:largeBlob: true, webauthn:virtualAuthenticators: true}
Session ID: 3d1e5fd4384e65bf2c4fad74fbdf1349
2021-09-02 17:22:40   INFO [webTest.facebookTest.CreateFacebookPost] : Chrome closed
2021-09-02 17:24:13   INFO [webTest.facebookTest.CreateFacebookPost] : Chrome will be started
2021-09-02 17:24:16   INFO [webTest.facebookTest.CreateFacebookPost] : Chrome is started
2021-09-02 17:24:17   INFO [libs.ActionsWithWebElements] : minatonski@gmail.com was inputted into element
2021-09-02 17:24:17   INFO [libs.ActionsWithWebElements] : 44B/HY7v>`zStn[& was inputted into element
2021-09-02 17:24:48  ERROR [libs.ActionsWithWebElements] : Cannot work with element org.openqa.selenium.NoSuchElementException: no such element: Unable to locate element: {"method":"xpath","selector":"//*[@data-text="true"]//../.."}
  (Session info: chrome=88.0.4324.146)
For documentation on this error, please visit: https://www.seleniumhq.org/exceptions/no_such_element.html
Build info: version: '3.141.59', revision: 'e82be7d358', time: '2018-11-14T08:17:03'
System info: host: 'DESKTOP-0PTGLHV', ip: '192.168.88.78', os.name: 'Windows 10', os.arch: 'amd64', os.version: '10.0', java.version: '1.8.0_221'
Driver info: org.openqa.selenium.chrome.ChromeDriver
Capabilities {acceptInsecureCerts: false, browserName: chrome, browserVersion: 88.0.4324.146, chrome: {chromedriverVersion: 88.0.4324.96 (68dba2d8a0b14..., userDataDir: C:\Users\1\AppData\Local\Te...}, goog:chromeOptions: {debuggerAddress: localhost:53674}, javascriptEnabled: true, networkConnectionEnabled: false, pageLoadStrategy: normal, platform: WINDOWS, platformName: WINDOWS, proxy: Proxy(), setWindowRect: true, strictFileInteractability: false, timeouts: {implicit: 0, pageLoad: 300000, script: 30000}, unhandledPromptBehavior: dismiss and notify, webauthn:extension:largeBlob: true, webauthn:virtualAuthenticators: true}
Session ID: 723869ce615bdaad804312f6a29ec634
*** Element info: {Using=xpath, value=//*[@data-text="true"]//../..}
2021-09-02 17:24:49   INFO [webTest.facebookTest.CreateFacebookPost] : Chrome closed
2021-09-02 17:26:15   INFO [webTest.facebookTest.CreateFacebookPost] : Chrome will be started
2021-09-02 17:26:17   INFO [webTest.facebookTest.CreateFacebookPost] : Chrome is started
2021-09-02 17:26:18   INFO [libs.ActionsWithWebElements] : minatonski@gmail.com was inputted into element
2021-09-02 17:26:19   INFO [libs.ActionsWithWebElements] : 44B/HY7v>`zStn[& was inputted into element
2021-09-02 17:26:50  ERROR [libs.ActionsWithWebElements] : Cannot work with element org.openqa.selenium.NoSuchElementException: no such element: Unable to locate element: {"method":"xpath","selector":"//*[@data-text="true"]//../..//.."}
  (Session info: chrome=88.0.4324.146)
For documentation on this error, please visit: https://www.seleniumhq.org/exceptions/no_such_element.html
Build info: version: '3.141.59', revision: 'e82be7d358', time: '2018-11-14T08:17:03'
System info: host: 'DESKTOP-0PTGLHV', ip: '192.168.88.78', os.name: 'Windows 10', os.arch: 'amd64', os.version: '10.0', java.version: '1.8.0_221'
Driver info: org.openqa.selenium.chrome.ChromeDriver
Capabilities {acceptInsecureCerts: false, browserName: chrome, browserVersion: 88.0.4324.146, chrome: {chromedriverVersion: 88.0.4324.96 (68dba2d8a0b14..., userDataDir: C:\Users\1\AppData\Local\Te...}, goog:chromeOptions: {debuggerAddress: localhost:53772}, javascriptEnabled: true, networkConnectionEnabled: false, pageLoadStrategy: normal, platform: WINDOWS, platformName: WINDOWS, proxy: Proxy(), setWindowRect: true, strictFileInteractability: false, timeouts: {implicit: 0, pageLoad: 300000, script: 30000}, unhandledPromptBehavior: dismiss and notify, webauthn:extension:largeBlob: true, webauthn:virtualAuthenticators: true}
Session ID: 7d91359f28a97e3a73c92abef34d51ec
*** Element info: {Using=xpath, value=//*[@data-text="true"]//../..//..}
2021-09-02 17:26:50   INFO [webTest.facebookTest.CreateFacebookPost] : Chrome closed
2021-09-02 17:27:31   INFO [webTest.facebookTest.CreateFacebookPost] : Chrome will be started
2021-09-02 17:27:34   INFO [webTest.facebookTest.CreateFacebookPost] : Chrome is started
2021-09-02 17:27:35   INFO [libs.ActionsWithWebElements] : minatonski@gmail.com was inputted into element
2021-09-02 17:27:35   INFO [libs.ActionsWithWebElements] : 44B/HY7v>`zStn[& was inputted into element
2021-09-02 17:28:07  ERROR [libs.ActionsWithWebElements] : Cannot work with element org.openqa.selenium.NoSuchElementException: no such element: Unable to locate element: {"method":"xpath","selector":"//*[@data-text="true"]//../..//..//.."}
  (Session info: chrome=88.0.4324.146)
For documentation on this error, please visit: https://www.seleniumhq.org/exceptions/no_such_element.html
Build info: version: '3.141.59', revision: 'e82be7d358', time: '2018-11-14T08:17:03'
System info: host: 'DESKTOP-0PTGLHV', ip: '192.168.88.78', os.name: 'Windows 10', os.arch: 'amd64', os.version: '10.0', java.version: '1.8.0_221'
Driver info: org.openqa.selenium.chrome.ChromeDriver
Capabilities {acceptInsecureCerts: false, browserName: chrome, browserVersion: 88.0.4324.146, chrome: {chromedriverVersion: 88.0.4324.96 (68dba2d8a0b14..., userDataDir: C:\Users\1\AppData\Local\Te...}, goog:chromeOptions: {debuggerAddress: localhost:53853}, javascriptEnabled: true, networkConnectionEnabled: false, pageLoadStrategy: normal, platform: WINDOWS, platformName: WINDOWS, proxy: Proxy(), setWindowRect: true, strictFileInteractability: false, timeouts: {implicit: 0, pageLoad: 300000, script: 30000}, unhandledPromptBehavior: dismiss and notify, webauthn:extension:largeBlob: true, webauthn:virtualAuthenticators: true}
Session ID: 5ae4008ae1df1fa02725da54cb057c72
*** Element info: {Using=xpath, value=//*[@data-text="true"]//../..//..//..}
2021-09-02 17:28:07   INFO [webTest.facebookTest.CreateFacebookPost] : Chrome closed
2021-09-02 17:28:38   INFO [webTest.facebookTest.CreateFacebookPost] : Chrome will be started
2021-09-02 17:28:40   INFO [webTest.facebookTest.CreateFacebookPost] : Chrome is started
2021-09-02 17:28:41   INFO [libs.ActionsWithWebElements] : minatonski@gmail.com was inputted into element
2021-09-02 17:28:42   INFO [libs.ActionsWithWebElements] : 44B/HY7v>`zStn[& was inputted into element
2021-09-02 17:29:13  ERROR [libs.ActionsWithWebElements] : Cannot work with element org.openqa.selenium.NoSuchElementException: no such element: Unable to locate element: {"method":"xpath","selector":"//*[@data-text="true"]//../..//..//..//.."}
  (Session info: chrome=88.0.4324.146)
For documentation on this error, please visit: https://www.seleniumhq.org/exceptions/no_such_element.html
Build info: version: '3.141.59', revision: 'e82be7d358', time: '2018-11-14T08:17:03'
System info: host: 'DESKTOP-0PTGLHV', ip: '192.168.88.78', os.name: 'Windows 10', os.arch: 'amd64', os.version: '10.0', java.version: '1.8.0_221'
Driver info: org.openqa.selenium.chrome.ChromeDriver
Capabilities {acceptInsecureCerts: false, browserName: chrome, browserVersion: 88.0.4324.146, chrome: {chromedriverVersion: 88.0.4324.96 (68dba2d8a0b14..., userDataDir: C:\Users\1\AppData\Local\Te...}, goog:chromeOptions: {debuggerAddress: localhost:53930}, javascriptEnabled: true, networkConnectionEnabled: false, pageLoadStrategy: normal, platform: WINDOWS, platformName: WINDOWS, proxy: Proxy(), setWindowRect: true, strictFileInteractability: false, timeouts: {implicit: 0, pageLoad: 300000, script: 30000}, unhandledPromptBehavior: dismiss and notify, webauthn:extension:largeBlob: true, webauthn:virtualAuthenticators: true}
Session ID: 58b49409f197152f30f7192042ed8b11
*** Element info: {Using=xpath, value=//*[@data-text="true"]//../..//..//..//..}
2021-09-02 17:29:13   INFO [webTest.facebookTest.CreateFacebookPost] : Chrome closed
2021-09-02 17:30:01   INFO [webTest.facebookTest.CreateFacebookPost] : Chrome will be started
2021-09-02 17:30:03   INFO [webTest.facebookTest.CreateFacebookPost] : Chrome is started
2021-09-02 17:30:04   INFO [libs.ActionsWithWebElements] : minatonski@gmail.com was inputted into element
2021-09-02 17:30:04   INFO [libs.ActionsWithWebElements] : 44B/HY7v>`zStn[& was inputted into element
2021-09-02 17:30:15  ERROR [libs.ActionsWithWebElements] : Cannot work with element org.openqa.selenium.InvalidElementStateException: invalid element state
  (Session info: chrome=88.0.4324.146)
Build info: version: '3.141.59', revision: 'e82be7d358', time: '2018-11-14T08:17:03'
System info: host: 'DESKTOP-0PTGLHV', ip: '192.168.88.78', os.name: 'Windows 10', os.arch: 'amd64', os.version: '10.0', java.version: '1.8.0_221'
Driver info: org.openqa.selenium.chrome.ChromeDriver
Capabilities {acceptInsecureCerts: false, browserName: chrome, browserVersion: 88.0.4324.146, chrome: {chromedriverVersion: 88.0.4324.96 (68dba2d8a0b14..., userDataDir: C:\Users\1\AppData\Local\Te...}, goog:chromeOptions: {debuggerAddress: localhost:54011}, javascriptEnabled: true, networkConnectionEnabled: false, pageLoadStrategy: normal, platform: WINDOWS, platformName: WINDOWS, proxy: Proxy(), setWindowRect: true, strictFileInteractability: false, timeouts: {implicit: 0, pageLoad: 300000, script: 30000}, unhandledPromptBehavior: dismiss and notify, webauthn:extension:largeBlob: true, webauthn:virtualAuthenticators: true}
Session ID: f502c262c2181056e217a1aa0ea288bc
2021-09-02 17:30:16   INFO [webTest.facebookTest.CreateFacebookPost] : Chrome closed
2021-09-02 17:34:08   INFO [webTest.facebookTest.CreateFacebookPost] : Chrome will be started
2021-09-02 17:34:10   INFO [webTest.facebookTest.CreateFacebookPost] : Chrome is started
2021-09-02 17:34:12   INFO [libs.ActionsWithWebElements] : minatonski@gmail.com was inputted into element
2021-09-02 17:34:12   INFO [libs.ActionsWithWebElements] : 44B/HY7v>`zStn[& was inputted into element
2021-09-02 17:34:24  ERROR [libs.ActionsWithWebElements] : Cannot work with element org.openqa.selenium.InvalidElementStateException: invalid element state
  (Session info: chrome=88.0.4324.146)
Build info: version: '3.141.59', revision: 'e82be7d358', time: '2018-11-14T08:17:03'
System info: host: 'DESKTOP-0PTGLHV', ip: '192.168.88.78', os.name: 'Windows 10', os.arch: 'amd64', os.version: '10.0', java.version: '1.8.0_221'
Driver info: org.openqa.selenium.chrome.ChromeDriver
Capabilities {acceptInsecureCerts: false, browserName: chrome, browserVersion: 88.0.4324.146, chrome: {chromedriverVersion: 88.0.4324.96 (68dba2d8a0b14..., userDataDir: C:\Users\1\AppData\Local\Te...}, goog:chromeOptions: {debuggerAddress: localhost:54173}, javascriptEnabled: true, networkConnectionEnabled: false, pageLoadStrategy: normal, platform: WINDOWS, platformName: WINDOWS, proxy: Proxy(), setWindowRect: true, strictFileInteractability: false, timeouts: {implicit: 0, pageLoad: 300000, script: 30000}, unhandledPromptBehavior: dismiss and notify, webauthn:extension:largeBlob: true, webauthn:virtualAuthenticators: true}
Session ID: 1531d87c38e502145e74394129c50625
2021-09-02 17:34:25   INFO [webTest.facebookTest.CreateFacebookPost] : Chrome closed
2021-09-02 17:38:30   INFO [webTest.facebookTest.CreateFacebookPost] : Chrome will be started
2021-09-02 17:38:33   INFO [webTest.facebookTest.CreateFacebookPost] : Chrome is started
2021-09-02 17:38:34   INFO [libs.ActionsWithWebElements] : minatonski@gmail.com was inputted into element
2021-09-02 17:38:34   INFO [libs.ActionsWithWebElements] : 44B/HY7v>`zStn[& was inputted into element
2021-09-02 17:38:45  ERROR [libs.ActionsWithWebElements] : Cannot work with element org.openqa.selenium.JavascriptException: javascript error: Testttt is not defined
  (Session info: chrome=88.0.4324.146)
Build info: version: '3.141.59', revision: 'e82be7d358', time: '2018-11-14T08:17:03'
System info: host: 'DESKTOP-0PTGLHV', ip: '192.168.88.78', os.name: 'Windows 10', os.arch: 'amd64', os.version: '10.0', java.version: '1.8.0_221'
Driver info: org.openqa.selenium.chrome.ChromeDriver
Capabilities {acceptInsecureCerts: false, browserName: chrome, browserVersion: 88.0.4324.146, chrome: {chromedriverVersion: 88.0.4324.96 (68dba2d8a0b14..., userDataDir: C:\Users\1\AppData\Local\Te...}, goog:chromeOptions: {debuggerAddress: localhost:54342}, javascriptEnabled: true, networkConnectionEnabled: false, pageLoadStrategy: normal, platform: WINDOWS, platformName: WINDOWS, proxy: Proxy(), setWindowRect: true, strictFileInteractability: false, timeouts: {implicit: 0, pageLoad: 300000, script: 30000}, unhandledPromptBehavior: dismiss and notify, webauthn:extension:largeBlob: true, webauthn:virtualAuthenticators: true}
Session ID: d7df2967a91bf29e90f9a72c50ae21ac
2021-09-02 17:38:46   INFO [webTest.facebookTest.CreateFacebookPost] : Chrome closed
2021-09-02 17:41:46   INFO [webTest.facebookTest.CreateFacebookPost] : Chrome will be started
2021-09-02 17:41:49   INFO [webTest.facebookTest.CreateFacebookPost] : Chrome is started
2021-09-02 17:41:50   INFO [libs.ActionsWithWebElements] : minatonski@gmail.com was inputted into element
2021-09-02 17:41:50   INFO [libs.ActionsWithWebElements] : 44B/HY7v>`zStn[& was inputted into element
2021-09-02 17:42:01   INFO [libs.ActionsWithWebElements] : Element is display - > true
2021-09-02 17:42:22   INFO [webTest.facebookTest.CreateFacebookPost] : Chrome closed
2021-09-02 17:47:21   INFO [webTest.facebookTest.CreateFacebookPost] : Chrome will be started
2021-09-02 17:47:24   INFO [webTest.facebookTest.CreateFacebookPost] : Chrome is started
2021-09-02 17:47:25   INFO [libs.ActionsWithWebElements] : minatonski@gmail.com was inputted into element
2021-09-02 17:47:25   INFO [libs.ActionsWithWebElements] : 44B/HY7v>`zStn[& was inputted into element
2021-09-02 17:47:36  ERROR [libs.ActionsWithWebElements] : Cannot work with element org.openqa.selenium.ElementNotInteractableException: element not interactable
  (Session info: chrome=88.0.4324.146)
Build info: version: '3.141.59', revision: 'e82be7d358', time: '2018-11-14T08:17:03'
System info: host: 'DESKTOP-0PTGLHV', ip: '192.168.88.78', os.name: 'Windows 10', os.arch: 'amd64', os.version: '10.0', java.version: '1.8.0_221'
Driver info: org.openqa.selenium.chrome.ChromeDriver
Capabilities {acceptInsecureCerts: false, browserName: chrome, browserVersion: 88.0.4324.146, chrome: {chromedriverVersion: 88.0.4324.96 (68dba2d8a0b14..., userDataDir: C:\Users\1\AppData\Local\Te...}, goog:chromeOptions: {debuggerAddress: localhost:54693}, javascriptEnabled: true, networkConnectionEnabled: false, pageLoadStrategy: normal, platform: WINDOWS, platformName: WINDOWS, proxy: Proxy(), setWindowRect: true, strictFileInteractability: false, timeouts: {implicit: 0, pageLoad: 300000, script: 30000}, unhandledPromptBehavior: dismiss and notify, webauthn:extension:largeBlob: true, webauthn:virtualAuthenticators: true}
Session ID: 1b981cb721bd2fa58f5065e16d663bcb
2021-09-02 17:47:37   INFO [webTest.facebookTest.CreateFacebookPost] : Chrome closed
2021-09-02 17:49:15   INFO [webTest.facebookTest.CreateFacebookPost] : Chrome will be started
2021-09-02 17:49:17   INFO [webTest.facebookTest.CreateFacebookPost] : Chrome is started
2021-09-02 17:49:18   INFO [libs.ActionsWithWebElements] : minatonski@gmail.com was inputted into element
2021-09-02 17:49:18   INFO [libs.ActionsWithWebElements] : 44B/HY7v>`zStn[& was inputted into element
2021-09-02 17:49:29   INFO [libs.ActionsWithWebElements] : Testttt was inputted into element
2021-09-02 17:49:49  ERROR [libs.ActionsWithWebElements] : Cannot work with element org.openqa.selenium.TimeoutException: Expected condition failed: waiting for element to be clickable: [[ChromeDriver: chrome on WINDOWS (cd434190091e4ee54f1b694090fac157)] -> xpath: .//input[@type='submit']] (tried for 20 second(s) with 500 milliseconds interval)
Build info: version: '3.141.59', revision: 'e82be7d358', time: '2018-11-14T08:17:03'
System info: host: 'DESKTOP-0PTGLHV', ip: '192.168.88.78', os.name: 'Windows 10', os.arch: 'amd64', os.version: '10.0', java.version: '1.8.0_221'
Driver info: org.openqa.selenium.chrome.ChromeDriver
Capabilities {acceptInsecureCerts: false, browserName: chrome, browserVersion: 88.0.4324.146, chrome: {chromedriverVersion: 88.0.4324.96 (68dba2d8a0b14..., userDataDir: C:\Users\1\AppData\Local\Te...}, goog:chromeOptions: {debuggerAddress: localhost:54790}, javascriptEnabled: true, networkConnectionEnabled: false, pageLoadStrategy: normal, platform: WINDOWS, platformName: WINDOWS, proxy: Proxy(), setWindowRect: true, strictFileInteractability: false, timeouts: {implicit: 0, pageLoad: 300000, script: 30000}, unhandledPromptBehavior: dismiss and notify, webauthn:extension:largeBlob: true, webauthn:virtualAuthenticators: true}
Session ID: cd434190091e4ee54f1b694090fac157
2021-09-02 17:49:50   INFO [webTest.facebookTest.CreateFacebookPost] : Chrome closed
2021-09-02 17:55:31   INFO [webTest.facebookTest.CreateFacebookPost] : Chrome will be started
2021-09-02 17:55:33   INFO [webTest.facebookTest.CreateFacebookPost] : Chrome is started
2021-09-02 17:55:34   INFO [libs.ActionsWithWebElements] : minatonski@gmail.com was inputted into element
2021-09-02 17:55:35   INFO [libs.ActionsWithWebElements] : 44B/HY7v>`zStn[& was inputted into element
2021-09-02 17:55:45   INFO [libs.ActionsWithWebElements] : My first post was inputted into element
2021-09-02 17:56:06   INFO [webTest.facebookTest.CreateFacebookPost] : Chrome closed
2021-10-02 14:24:24   INFO [webTest.facebookTest.CreateFacebookPost] : Chrome will be started
2021-10-02 14:24:27   INFO [webTest.facebookTest.CreateFacebookPost] : Chrome is started
2021-10-02 14:24:28   INFO [libs.ActionsWithWebElements] : minatonski@gmail.com was inputted into element
2021-10-02 14:24:28   INFO [libs.ActionsWithWebElements] : 44B/HY7v>`zStn[& was inputted into element
2021-10-02 14:24:40   INFO [libs.ActionsWithWebElements] : My first post was inputted into element
2021-10-02 14:25:01   INFO [webTest.facebookTest.CreateFacebookPost] : Chrome closed
